#    1 | steps:     9 | steps_t:     0 | t: 0.007566 | r:  -508.000000 | e:   1.000000 | Q:        nan | won: False 
#    2 | steps:    23 | steps_t:     0 | t: 0.017655 | r:  -513.000000 | e:   1.000000 | Q:        nan | won: False 
#    3 | steps:    33 | steps_t:     0 | t: 0.025892 | r:  -509.000000 | e:   1.000000 | Q:        nan | won: False 
#    4 | steps:    42 | steps_t:     0 | t: 0.033400 | r:  -508.000000 | e:   1.000000 | Q:        nan | won: False 
#    5 | steps:    49 | steps_t:     0 | t: 0.039932 | r:  -506.000000 | e:   1.000000 | Q:        nan | won: False 
#    6 | steps:    57 | steps_t:     0 | t: 0.045138 | r:  -507.000000 | e:   1.000000 | Q:        nan | won: False 
#    7 | steps:    84 | steps_t:     0 | t: 0.063018 | r:  -515.000000 | e:   1.000000 | Q:        nan | won: False 
#    8 | steps:   103 | steps_t:     0 | t: 0.080686 | r:  -518.000000 | e:   1.000000 | Q:        nan | won: False 
#    9 | steps:   111 | steps_t:     0 | t: 0.085724 | r:  -507.000000 | e:   1.000000 | Q:        nan | won: False 
#   10 | steps:   118 | steps_t:     0 | t: 0.090001 | r:  -506.000000 | e:   1.000000 | Q:        nan | won: False 
#   11 | steps:   127 | steps_t:     0 | t: 0.095754 | r:  -508.000000 | e:   1.000000 | Q:        nan | won: False 
#   12 | steps:   135 | steps_t:     0 | t: 0.102216 | r:  -507.000000 | e:   1.000000 | Q:        nan | won: False 
#   13 | steps:   146 | steps_t:     0 | t: 0.111018 | r:  -510.000000 | e:   1.000000 | Q:        nan | won: False 
#   14 | steps:   168 | steps_t:     0 | t: 0.126270 | r:  -521.000000 | e:   1.000000 | Q:        nan | won: False 
#   15 | steps:   175 | steps_t:     0 | t: 0.130469 | r:  -506.000000 | e:   1.000000 | Q:        nan | won: False 
#   16 | steps:   181 | steps_t:     0 | t: 0.135597 | r:  -505.000000 | e:   1.000000 | Q:        nan | won: False 
#   17 | steps:   189 | steps_t:     0 | t: 0.140701 | r:  -507.000000 | e:   1.000000 | Q:        nan | won: False 
#   18 | steps:   198 | steps_t:     0 | t: 0.146576 | r:  -508.000000 | e:   1.000000 | Q:        nan | won: False 
#   19 | steps:   210 | steps_t:     0 | t: 0.155071 | r:  -511.000000 | e:   1.000000 | Q:        nan | won: False 
#   20 | steps:   217 | steps_t:     0 | t: 0.159550 | r:  -506.000000 | e:   1.000000 | Q:        nan | won: False 
#   21 | steps:   242 | steps_t:     0 | t: 0.176870 | r:  -524.000000 | e:   1.000000 | Q:        nan | won: False 
#   22 | steps:   262 | steps_t:     0 | t: 0.190377 | r:  -519.000000 | e:   1.000000 | Q:        nan | won: False 
#   23 | steps:   272 | steps_t:     0 | t: 0.199818 | r:  -509.000000 | e:   1.000000 | Q:        nan | won: False 
#   24 | steps:   283 | steps_t:     0 | t: 0.207150 | r:  -510.000000 | e:   1.000000 | Q:        nan | won: False 
#   25 | steps:   292 | steps_t:     0 | t: 0.213053 | r:  -508.000000 | e:   1.000000 | Q:        nan | won: False 
#   26 | steps:   299 | steps_t:     0 | t: 0.218997 | r:  -506.000000 | e:   1.000000 | Q:        nan | won: False 
#   27 | steps:   310 | steps_t:     0 | t: 0.226559 | r:  -510.000000 | e:   1.000000 | Q:        nan | won: False 
#   28 | steps:   320 | steps_t:     0 | t: 0.234406 | r:  -509.000000 | e:   1.000000 | Q:        nan | won: False 
#   29 | steps:   329 | steps_t:     0 | t: 0.240975 | r:  -508.000000 | e:   1.000000 | Q:        nan | won: False 
#   30 | steps:   337 | steps_t:     0 | t: 0.246235 | r:  -507.000000 | e:   1.000000 | Q:        nan | won: False 
#   31 | steps:   344 | steps_t:     0 | t: 0.251133 | r:  -506.000000 | e:   1.000000 | Q:        nan | won: False 
#   32 | steps:   354 | steps_t:     0 | t: 0.257307 | r:  -509.000000 | e:   1.000000 | Q:        nan | won: False 
#   33 | steps:   362 | steps_t:     0 | t: 0.262967 | r:  -507.000000 | e:   1.000000 | Q:        nan | won: False 
#   34 | steps:   369 | steps_t:     0 | t: 0.268592 | r:  -506.000000 | e:   1.000000 | Q:        nan | won: False 
#   35 | steps:   378 | steps_t:     0 | t: 0.274204 | r:  -508.000000 | e:   1.000000 | Q:        nan | won: False 
#   36 | steps:   386 | steps_t:     0 | t: 0.279922 | r:  -507.000000 | e:   1.000000 | Q:        nan | won: False 
#   37 | steps:   395 | steps_t:     0 | t: 0.286252 | r:  -508.000000 | e:   1.000000 | Q:        nan | won: False 
#   38 | steps:   402 | steps_t:     0 | t: 0.290612 | r:  -506.000000 | e:   1.000000 | Q:        nan | won: False 
#   39 | steps:   417 | steps_t:     0 | t: 0.301974 | r:  -503.000000 | e:   1.000000 | Q:        nan | won: False 
#   40 | steps:   426 | steps_t:     0 | t: 0.308173 | r:  -508.000000 | e:   1.000000 | Q:        nan | won: False 
#   41 | steps:   432 | steps_t:     0 | t: 0.312497 | r:  -505.000000 | e:   1.000000 | Q:        nan | won: False 
#   42 | steps:   437 | steps_t:     0 | t: 0.315585 | r:  -504.000000 | e:   1.000000 | Q:        nan | won: False 
#   43 | steps:   454 | steps_t:     0 | t: 0.328795 | r:  -516.000000 | e:   1.000000 | Q:        nan | won: False 
#   44 | steps:   464 | steps_t:     0 | t: 0.334857 | r:  -509.000000 | e:   1.000000 | Q:        nan | won: False 
#   45 | steps:   472 | steps_t:     0 | t: 0.339946 | r:  -507.000000 | e:   1.000000 | Q:        nan | won: False 
#   46 | steps:   481 | steps_t:     0 | t: 0.346725 | r:  -508.000000 | e:   1.000000 | Q:        nan | won: False 
#   47 | steps:   495 | steps_t:     0 | t: 0.357881 | r:  -513.000000 | e:   1.000000 | Q:        nan | won: False 
#   48 | steps:   505 | steps_t:     0 | t: 0.366017 | r:  -509.000000 | e:   1.000000 | Q:        nan | won: False 
#   49 | steps:   513 | steps_t:     0 | t: 0.371100 | r:  -507.000000 | e:   1.000000 | Q:        nan | won: False 
#   50 | steps:   524 | steps_t:     0 | t: 0.378577 | r:  -510.000000 | e:   1.000000 | Q:        nan | won: False 
#   51 | steps:   532 | steps_t:     0 | t: 0.384449 | r:  -507.000000 | e:   1.000000 | Q:        nan | won: False 
#   52 | steps:   552 | steps_t:     0 | t: 0.398458 | r:  -519.000000 | e:   1.000000 | Q:        nan | won: False 
#   53 | steps:   566 | steps_t:     0 | t: 0.408257 | r:  -513.000000 | e:   1.000000 | Q:        nan | won: False 
#   54 | steps:   575 | steps_t:     0 | t: 0.414257 | r:  -508.000000 | e:   1.000000 | Q:        nan | won: False 
#   55 | steps:   597 | steps_t:     0 | t: 0.431207 | r:  -521.000000 | e:   1.000000 | Q:        nan | won: False 
#   56 | steps:   617 | steps_t:     0 | t: 0.444808 | r:  -519.000000 | e:   1.000000 | Q:        nan | won: False 
#   57 | steps:   638 | steps_t:     0 | t: 0.460073 | r:  -520.000000 | e:   1.000000 | Q:        nan | won: False 
#   58 | steps:   647 | steps_t:     0 | t: 0.467161 | r:  -508.000000 | e:   1.000000 | Q:        nan | won: False 
#   59 | steps:   658 | steps_t:     0 | t: 0.474675 | r:  -510.000000 | e:   1.000000 | Q:        nan | won: False 
#   60 | steps:   667 | steps_t:     0 | t: 0.481519 | r:  -508.000000 | e:   1.000000 | Q:        nan | won: False 
#   61 | steps:   674 | steps_t:     0 | t: 0.487245 | r:  -506.000000 | e:   1.000000 | Q:        nan | won: False 
#   62 | steps:   688 | steps_t:     0 | t: 0.496686 | r:  -513.000000 | e:   1.000000 | Q:        nan | won: False 
#   63 | steps:   697 | steps_t:     0 | t: 0.503157 | r:  -508.000000 | e:   1.000000 | Q:        nan | won: False 
#   64 | steps:   716 | steps_t:     0 | t: 0.516262 | r:  -518.000000 | e:   1.000000 | Q:        nan | won: False 
#   65 | steps:   734 | steps_t:     0 | t: 0.529120 | r:  -517.000000 | e:   1.000000 | Q:        nan | won: False 
#   66 | steps:   743 | steps_t:     0 | t: 0.535408 | r:  -508.000000 | e:   1.000000 | Q:        nan | won: False 
#   67 | steps:   756 | steps_t:     0 | t: 0.543942 | r:  -512.000000 | e:   1.000000 | Q:        nan | won: False 
#   68 | steps:   773 | steps_t:     0 | t: 0.557704 | r:  -516.000000 | e:   1.000000 | Q:        nan | won: False 
#   69 | steps:   785 | steps_t:     0 | t: 0.565388 | r:  -511.000000 | e:   1.000000 | Q:        nan | won: False 
#   70 | steps:   792 | steps_t:     0 | t: 0.570907 | r:  -506.000000 | e:   1.000000 | Q:        nan | won: False 
#   71 | steps:   801 | steps_t:     0 | t: 0.577269 | r:  -508.000000 | e:   1.000000 | Q:        nan | won: False 
#   72 | steps:   820 | steps_t:     0 | t: 0.590667 | r:  -518.000000 | e:   1.000000 | Q:        nan | won: False 
#   73 | steps:   829 | steps_t:     0 | t: 0.596511 | r:  -508.000000 | e:   1.000000 | Q:        nan | won: False 
#   74 | steps:   848 | steps_t:     0 | t: 0.608213 | r:  -518.000000 | e:   1.000000 | Q:        nan | won: False 
#   75 | steps:   870 | steps_t:     0 | t: 0.625962 | r:  -521.000000 | e:   1.000000 | Q:        nan | won: False 
#   76 | steps:   881 | steps_t:     0 | t: 0.633412 | r:  -510.000000 | e:   1.000000 | Q:        nan | won: False 
#   77 | steps:   886 | steps_t:     0 | t: 0.636842 | r:  -504.000000 | e:   1.000000 | Q:        nan | won: False 
#   78 | steps:   895 | steps_t:     0 | t: 0.642703 | r:  -508.000000 | e:   1.000000 | Q:        nan | won: False 
#   79 | steps:   900 | steps_t:     0 | t: 0.646465 | r:  -504.000000 | e:   1.000000 | Q:        nan | won: False 
#   80 | steps:   918 | steps_t:     0 | t: 0.658914 | r:  -517.000000 | e:   1.000000 | Q:        nan | won: False 
#   81 | steps:   936 | steps_t:     0 | t: 0.670145 | r:  -506.000000 | e:   1.000000 | Q:        nan | won: False 
#   82 | steps:   956 | steps_t:     0 | t: 0.685016 | r:  -519.000000 | e:   1.000000 | Q:        nan | won: False 
#   83 | steps:   962 | steps_t:     0 | t: 0.689069 | r:  -505.000000 | e:   1.000000 | Q:        nan | won: False 
#   84 | steps:   978 | steps_t:     0 | t: 0.700430 | r:  -515.000000 | e:   1.000000 | Q:        nan | won: False 
#   85 | steps:  1001 | steps_t:     0 | t: 0.715553 | r:  -522.000000 | e:   1.000000 | Q:        nan | won: False 
#   86 | steps:  1010 | steps_t:     0 | t: 0.721470 | r:  -508.000000 | e:   1.000000 | Q:        nan | won: False 
#   87 | steps:  1019 | steps_t:     0 | t: 0.727232 | r:  -508.000000 | e:   1.000000 | Q:        nan | won: False 
#   88 | steps:  1025 | steps_t:     0 | t: 0.732484 | r:  -505.000000 | e:   1.000000 | Q:        nan | won: False 
#   89 | steps:  1040 | steps_t:     0 | t: 0.744446 | r:  -514.000000 | e:   1.000000 | Q:        nan | won: False 
#   90 | steps:  1050 | steps_t:     0 | t: 0.754778 | r:  -509.000000 | e:   1.000000 | Q:        nan | won: False 
#   91 | steps:  1057 | steps_t:     0 | t: 0.762999 | r:  -506.000000 | e:   1.000000 | Q:        nan | won: False 
#   92 | steps:  1068 | steps_t:     0 | t: 0.777909 | r:  -510.000000 | e:   1.000000 | Q:        nan | won: False 
#   93 | steps:  1076 | steps_t:     0 | t: 0.789670 | r:  -507.000000 | e:   1.000000 | Q:        nan | won: False 
#   94 | steps:  1086 | steps_t:     0 | t: 0.800957 | r:  -509.000000 | e:   1.000000 | Q:        nan | won: False 
#   95 | steps:  1093 | steps_t:     0 | t: 0.807864 | r:  -506.000000 | e:   1.000000 | Q:        nan | won: False 
#   96 | steps:  1112 | steps_t:     0 | t: 0.828408 | r:  -518.000000 | e:   1.000000 | Q:        nan | won: False 
#   97 | steps:  1123 | steps_t:     0 | t: 0.838128 | r:  -510.000000 | e:   1.000000 | Q:        nan | won: False 
#   98 | steps:  1132 | steps_t:     0 | t: 0.847431 | r:  -508.000000 | e:   1.000000 | Q:        nan | won: False 
#   99 | steps:  1142 | steps_t:     0 | t: 0.855077 | r:  -509.000000 | e:   1.000000 | Q:        nan | won: False 
#  100 | steps:  1153 | steps_t:     0 | t: 0.863261 | r:  -510.000000 | e:   1.000000 | Q:        nan | won: False 
