#    1 | steps:     9 | steps_t:     0 | t: 0.009067 | r:  -508.000000 | e:   1.000000 | Q:        nan | won: False 
#    2 | steps:    19 | steps_t:     0 | t: 0.015542 | r:  -509.000000 | e:   1.000000 | Q:        nan | won: False 
#    3 | steps:    41 | steps_t:     0 | t: 0.031875 | r:  -521.000000 | e:   1.000000 | Q:        nan | won: False 
#    4 | steps:    63 | steps_t:     0 | t: 0.047757 | r:  -521.000000 | e:   1.000000 | Q:        nan | won: False 
#    5 | steps:    75 | steps_t:     0 | t: 0.055644 | r:  -511.000000 | e:   1.000000 | Q:        nan | won: False 
#    6 | steps:    83 | steps_t:     0 | t: 0.061387 | r:  -507.000000 | e:   1.000000 | Q:        nan | won: False 
#    7 | steps:    93 | steps_t:     0 | t: 0.069904 | r:  -509.000000 | e:   1.000000 | Q:        nan | won: False 
#    8 | steps:   101 | steps_t:     0 | t: 0.075196 | r:  -507.000000 | e:   1.000000 | Q:        nan | won: False 
#    9 | steps:   108 | steps_t:     0 | t: 0.079118 | r:  -506.000000 | e:   1.000000 | Q:        nan | won: False 
#   10 | steps:   119 | steps_t:     0 | t: 0.086909 | r:  -510.000000 | e:   1.000000 | Q:        nan | won: False 
#   11 | steps:   129 | steps_t:     0 | t: 0.093984 | r:  -509.000000 | e:   1.000000 | Q:        nan | won: False 
#   12 | steps:   140 | steps_t:     0 | t: 0.102065 | r:  -510.000000 | e:   1.000000 | Q:        nan | won: False 
#   13 | steps:   158 | steps_t:     0 | t: 0.114447 | r:  -517.000000 | e:   1.000000 | Q:        nan | won: False 
#   14 | steps:   176 | steps_t:     0 | t: 0.128400 | r:  -506.000000 | e:   1.000000 | Q:        nan | won: False 
#   15 | steps:   192 | steps_t:     0 | t: 0.140726 | r:  -515.000000 | e:   1.000000 | Q:        nan | won: False 
#   16 | steps:   198 | steps_t:     0 | t: 0.145067 | r:  -505.000000 | e:   1.000000 | Q:        nan | won: False 
#   17 | steps:   206 | steps_t:     0 | t: 0.150001 | r:  -507.000000 | e:   1.000000 | Q:        nan | won: False 
#   18 | steps:   217 | steps_t:     0 | t: 0.157523 | r:  -510.000000 | e:   1.000000 | Q:        nan | won: False 
#   19 | steps:   224 | steps_t:     0 | t: 0.162024 | r:  -506.000000 | e:   1.000000 | Q:        nan | won: False 
#   20 | steps:   244 | steps_t:     0 | t: 0.177319 | r:  -519.000000 | e:   1.000000 | Q:        nan | won: False 
#   21 | steps:   263 | steps_t:     0 | t: 0.190208 | r:  -507.000000 | e:   1.000000 | Q:        nan | won: False 
#   22 | steps:   269 | steps_t:     0 | t: 0.193682 | r:  -505.000000 | e:   1.000000 | Q:        nan | won: False 
#   23 | steps:   279 | steps_t:     0 | t: 0.201297 | r:  -509.000000 | e:   1.000000 | Q:        nan | won: False 
#   24 | steps:   294 | steps_t:     0 | t: 0.212216 | r:  -503.000000 | e:   1.000000 | Q:        nan | won: False 
#   25 | steps:   300 | steps_t:     0 | t: 0.216520 | r:  -505.000000 | e:   1.000000 | Q:        nan | won: False 
#   26 | steps:   311 | steps_t:     0 | t: 0.224121 | r:  -510.000000 | e:   1.000000 | Q:        nan | won: False 
#   27 | steps:   320 | steps_t:     0 | t: 0.231163 | r:  -508.000000 | e:   1.000000 | Q:        nan | won: False 
#   28 | steps:   330 | steps_t:     0 | t: 0.239163 | r:  -509.000000 | e:   1.000000 | Q:        nan | won: False 
#   29 | steps:   344 | steps_t:     0 | t: 0.249903 | r:  -513.000000 | e:   1.000000 | Q:        nan | won: False 
#   30 | steps:   352 | steps_t:     0 | t: 0.255879 | r:  -507.000000 | e:   1.000000 | Q:        nan | won: False 
#   31 | steps:   361 | steps_t:     0 | t: 0.261332 | r:  -508.000000 | e:   1.000000 | Q:        nan | won: False 
#   32 | steps:   370 | steps_t:     0 | t: 0.268828 | r:  -508.000000 | e:   1.000000 | Q:        nan | won: False 
#   33 | steps:   379 | steps_t:     0 | t: 0.275350 | r:  -508.000000 | e:   1.000000 | Q:        nan | won: False 
#   34 | steps:   393 | steps_t:     0 | t: 0.285106 | r:  -513.000000 | e:   1.000000 | Q:        nan | won: False 
#   35 | steps:   399 | steps_t:     0 | t: 0.289150 | r:  -505.000000 | e:   1.000000 | Q:        nan | won: False 
#   36 | steps:   413 | steps_t:     0 | t: 0.299556 | r:  -513.000000 | e:   1.000000 | Q:        nan | won: False 
#   37 | steps:   418 | steps_t:     0 | t: 0.303445 | r:  -504.000000 | e:   1.000000 | Q:        nan | won: False 
#   38 | steps:   426 | steps_t:     0 | t: 0.309080 | r:  -507.000000 | e:   1.000000 | Q:        nan | won: False 
#   39 | steps:   447 | steps_t:     0 | t: 0.322201 | r:  -520.000000 | e:   1.000000 | Q:        nan | won: False 
#   40 | steps:   459 | steps_t:     0 | t: 0.331435 | r:  -511.000000 | e:   1.000000 | Q:        nan | won: False 
#   41 | steps:   467 | steps_t:     0 | t: 0.336912 | r:  -507.000000 | e:   1.000000 | Q:        nan | won: False 
#   42 | steps:   475 | steps_t:     0 | t: 0.341783 | r:  -507.000000 | e:   1.000000 | Q:        nan | won: False 
#   43 | steps:   485 | steps_t:     0 | t: 0.349183 | r:  -509.000000 | e:   1.000000 | Q:        nan | won: False 
#   44 | steps:   494 | steps_t:     0 | t: 0.354910 | r:  -508.000000 | e:   1.000000 | Q:        nan | won: False 
#   45 | steps:   504 | steps_t:     0 | t: 0.362402 | r:  -509.000000 | e:   1.000000 | Q:        nan | won: False 
#   46 | steps:   513 | steps_t:     0 | t: 0.368767 | r:  -508.000000 | e:   1.000000 | Q:        nan | won: False 
#   47 | steps:   522 | steps_t:     0 | t: 0.374477 | r:  -508.000000 | e:   1.000000 | Q:        nan | won: False 
#   48 | steps:   531 | steps_t:     0 | t: 0.380117 | r:  -508.000000 | e:   1.000000 | Q:        nan | won: False 
#   49 | steps:   537 | steps_t:     0 | t: 0.384735 | r:  -505.000000 | e:   1.000000 | Q:        nan | won: False 
#   50 | steps:   546 | steps_t:     0 | t: 0.391387 | r:  -508.000000 | e:   1.000000 | Q:        nan | won: False 
#   51 | steps:   552 | steps_t:     0 | t: 0.396211 | r:  -505.000000 | e:   1.000000 | Q:        nan | won: False 
#   52 | steps:   562 | steps_t:     0 | t: 0.402795 | r:  -509.000000 | e:   1.000000 | Q:        nan | won: False 
#   53 | steps:   575 | steps_t:     0 | t: 0.412403 | r:  -512.000000 | e:   1.000000 | Q:        nan | won: False 
#   54 | steps:   592 | steps_t:     0 | t: 0.426746 | r:  -516.000000 | e:   1.000000 | Q:        nan | won: False 
#   55 | steps:   605 | steps_t:     0 | t: 0.436045 | r:  -512.000000 | e:   1.000000 | Q:        nan | won: False 
#   56 | steps:   611 | steps_t:     0 | t: 0.439922 | r:  -505.000000 | e:   1.000000 | Q:        nan | won: False 
#   57 | steps:   622 | steps_t:     0 | t: 0.447414 | r:  -510.000000 | e:   1.000000 | Q:        nan | won: False 
#   58 | steps:   631 | steps_t:     0 | t: 0.455099 | r:  -508.000000 | e:   1.000000 | Q:        nan | won: False 
#   59 | steps:   642 | steps_t:     0 | t: 0.463501 | r:  -510.000000 | e:   1.000000 | Q:        nan | won: False 
#   60 | steps:   657 | steps_t:     0 | t: 0.474165 | r:  -492.000000 | e:   1.000000 | Q:        nan | won: False 
#   61 | steps:   666 | steps_t:     0 | t: 0.479729 | r:  -508.000000 | e:   1.000000 | Q:        nan | won: False 
#   62 | steps:   686 | steps_t:     0 | t: 0.494174 | r:  -519.000000 | e:   1.000000 | Q:        nan | won: False 
#   63 | steps:   713 | steps_t:     0 | t: 0.512135 | r:  -526.000000 | e:   1.000000 | Q:        nan | won: False 
#   64 | steps:   728 | steps_t:     0 | t: 0.523950 | r:  -514.000000 | e:   1.000000 | Q:        nan | won: False 
#   65 | steps:   735 | steps_t:     0 | t: 0.528927 | r:  -506.000000 | e:   1.000000 | Q:        nan | won: False 
#   66 | steps:   744 | steps_t:     0 | t: 0.535030 | r:  -508.000000 | e:   1.000000 | Q:        nan | won: False 
#   67 | steps:   754 | steps_t:     0 | t: 0.541836 | r:  -509.000000 | e:   1.000000 | Q:        nan | won: False 
#   68 | steps:   765 | steps_t:     0 | t: 0.550514 | r:  -510.000000 | e:   1.000000 | Q:        nan | won: False 
#   69 | steps:   776 | steps_t:     0 | t: 0.558885 | r:  -510.000000 | e:   1.000000 | Q:        nan | won: False 
#   70 | steps:   785 | steps_t:     0 | t: 0.565217 | r:  -508.000000 | e:   1.000000 | Q:        nan | won: False 
#   71 | steps:   806 | steps_t:     0 | t: 0.579987 | r:  -520.000000 | e:   1.000000 | Q:        nan | won: False 
#   72 | steps:   816 | steps_t:     0 | t: 0.588764 | r:  -509.000000 | e:   1.000000 | Q:        nan | won: False 
#   73 | steps:   827 | steps_t:     0 | t: 0.595720 | r:  -510.000000 | e:   1.000000 | Q:        nan | won: False 
#   74 | steps:   839 | steps_t:     0 | t: 0.604880 | r:  -511.000000 | e:   1.000000 | Q:        nan | won: False 
#   75 | steps:   846 | steps_t:     0 | t: 0.609913 | r:  -506.000000 | e:   1.000000 | Q:        nan | won: False 
#   76 | steps:   852 | steps_t:     0 | t: 0.614448 | r:  -505.000000 | e:   1.000000 | Q:        nan | won: False 
#   77 | steps:   862 | steps_t:     0 | t: 0.621668 | r:  -509.000000 | e:   1.000000 | Q:        nan | won: False 
#   78 | steps:   874 | steps_t:     0 | t: 0.630551 | r:  -511.000000 | e:   1.000000 | Q:        nan | won: False 
#   79 | steps:   884 | steps_t:     0 | t: 0.637686 | r:  -509.000000 | e:   1.000000 | Q:        nan | won: False 
#   80 | steps:   905 | steps_t:     0 | t: 0.653393 | r:  -520.000000 | e:   1.000000 | Q:        nan | won: False 
#   81 | steps:   920 | steps_t:     0 | t: 0.664301 | r:  -514.000000 | e:   1.000000 | Q:        nan | won: False 
#   82 | steps:   937 | steps_t:     0 | t: 0.676310 | r:  -516.000000 | e:   1.000000 | Q:        nan | won: False 
#   83 | steps:   945 | steps_t:     0 | t: 0.682659 | r:  -507.000000 | e:   1.000000 | Q:        nan | won: False 
#   84 | steps:   954 | steps_t:     0 | t: 0.689643 | r:  -508.000000 | e:   1.000000 | Q:        nan | won: False 
#   85 | steps:   962 | steps_t:     0 | t: 0.694818 | r:  -507.000000 | e:   1.000000 | Q:        nan | won: False 
#   86 | steps:   972 | steps_t:     0 | t: 0.702129 | r:  -509.000000 | e:   1.000000 | Q:        nan | won: False 
#   87 | steps:   983 | steps_t:     0 | t: 0.710729 | r:  -510.000000 | e:   1.000000 | Q:        nan | won: False 
#   88 | steps:   994 | steps_t:     0 | t: 0.718419 | r:  -510.000000 | e:   1.000000 | Q:        nan | won: False 
#   89 | steps:  1005 | steps_t:     0 | t: 0.726754 | r:  -510.000000 | e:   1.000000 | Q:        nan | won: False 
#   90 | steps:  1032 | steps_t:     0 | t: 0.745986 | r:  -526.000000 | e:   1.000000 | Q:        nan | won: False 
#   91 | steps:  1044 | steps_t:     0 | t: 0.754621 | r:  -511.000000 | e:   1.000000 | Q:        nan | won: False 
#   92 | steps:  1052 | steps_t:     0 | t: 0.760232 | r:  -507.000000 | e:   1.000000 | Q:        nan | won: False 
#   93 | steps:  1064 | steps_t:     0 | t: 0.768792 | r:  -511.000000 | e:   1.000000 | Q:        nan | won: False 
#   94 | steps:  1072 | steps_t:     0 | t: 0.775600 | r:  -507.000000 | e:   1.000000 | Q:        nan | won: False 
#   95 | steps:  1084 | steps_t:     0 | t: 0.784592 | r:  -511.000000 | e:   1.000000 | Q:        nan | won: False 
#   96 | steps:  1091 | steps_t:     0 | t: 0.790170 | r:  -506.000000 | e:   1.000000 | Q:        nan | won: False 
#   97 | steps:  1101 | steps_t:     0 | t: 0.796455 | r:  -509.000000 | e:   1.000000 | Q:        nan | won: False 
#   98 | steps:  1109 | steps_t:     0 | t: 0.802863 | r:  -507.000000 | e:   1.000000 | Q:        nan | won: False 
#   99 | steps:  1116 | steps_t:     0 | t: 0.808798 | r:  -506.000000 | e:   1.000000 | Q:        nan | won: False 
#  100 | steps:  1124 | steps_t:     0 | t: 0.813775 | r:  -507.000000 | e:   1.000000 | Q:        nan | won: False 
