#    1 | steps:    12 | steps_t:     0 | t: 0.010632 | r:  -511.000000 | e:   1.000000 | Q:        nan | won: False 
#    2 | steps:    23 | steps_t:     0 | t: 0.018359 | r:  -510.000000 | e:   1.000000 | Q:        nan | won: False 
#    3 | steps:    37 | steps_t:     0 | t: 0.029283 | r:  -491.000000 | e:   1.000000 | Q:        nan | won: False 
#    4 | steps:    44 | steps_t:     0 | t: 0.033906 | r:  -506.000000 | e:   1.000000 | Q:        nan | won: False 
#    5 | steps:    56 | steps_t:     0 | t: 0.043218 | r:  -511.000000 | e:   1.000000 | Q:        nan | won: False 
#    6 | steps:    66 | steps_t:     0 | t: 0.049967 | r:  -509.000000 | e:   1.000000 | Q:        nan | won: False 
#    7 | steps:    75 | steps_t:     0 | t: 0.056715 | r:  -508.000000 | e:   1.000000 | Q:        nan | won: False 
#    8 | steps:    84 | steps_t:     0 | t: 0.062338 | r:  -508.000000 | e:   1.000000 | Q:        nan | won: False 
#    9 | steps:   104 | steps_t:     0 | t: 0.077545 | r:  -508.000000 | e:   1.000000 | Q:        nan | won: False 
#   10 | steps:   111 | steps_t:     0 | t: 0.082070 | r:  -506.000000 | e:   1.000000 | Q:        nan | won: False 
#   11 | steps:   120 | steps_t:     0 | t: 0.089821 | r:  -508.000000 | e:   1.000000 | Q:        nan | won: False 
#   12 | steps:   132 | steps_t:     0 | t: 0.098746 | r:  -511.000000 | e:   1.000000 | Q:        nan | won: False 
#   13 | steps:   143 | steps_t:     0 | t: 0.109290 | r:  -510.000000 | e:   1.000000 | Q:        nan | won: False 
#   14 | steps:   151 | steps_t:     0 | t: 0.114485 | r:  -507.000000 | e:   1.000000 | Q:        nan | won: False 
#   15 | steps:   158 | steps_t:     0 | t: 0.120176 | r:  -506.000000 | e:   1.000000 | Q:        nan | won: False 
#   16 | steps:   168 | steps_t:     0 | t: 0.126898 | r:  -509.000000 | e:   1.000000 | Q:        nan | won: False 
#   17 | steps:   177 | steps_t:     0 | t: 0.133181 | r:  -508.000000 | e:   1.000000 | Q:        nan | won: False 
#   18 | steps:   186 | steps_t:     0 | t: 0.140501 | r:  -508.000000 | e:   1.000000 | Q:        nan | won: False 
#   19 | steps:   198 | steps_t:     0 | t: 0.149561 | r:  -511.000000 | e:   1.000000 | Q:        nan | won: False 
#   20 | steps:   207 | steps_t:     0 | t: 0.157056 | r:  -508.000000 | e:   1.000000 | Q:        nan | won: False 
#   21 | steps:   215 | steps_t:     0 | t: 0.162680 | r:  -507.000000 | e:   1.000000 | Q:        nan | won: False 
#   22 | steps:   222 | steps_t:     0 | t: 0.168360 | r:  -506.000000 | e:   1.000000 | Q:        nan | won: False 
#   23 | steps:   239 | steps_t:     0 | t: 0.180414 | r:  -516.000000 | e:   1.000000 | Q:        nan | won: False 
#   24 | steps:   249 | steps_t:     0 | t: 0.189339 | r:  -509.000000 | e:   1.000000 | Q:        nan | won: False 
#   25 | steps:   257 | steps_t:     0 | t: 0.195004 | r:  -507.000000 | e:   1.000000 | Q:        nan | won: False 
#   26 | steps:   269 | steps_t:     0 | t: 0.203981 | r:  -511.000000 | e:   1.000000 | Q:        nan | won: False 
#   27 | steps:   280 | steps_t:     0 | t: 0.211210 | r:  -510.000000 | e:   1.000000 | Q:        nan | won: False 
#   28 | steps:   287 | steps_t:     0 | t: 0.215372 | r:  -506.000000 | e:   1.000000 | Q:        nan | won: False 
#   29 | steps:   299 | steps_t:     0 | t: 0.225600 | r:  -511.000000 | e:   1.000000 | Q:        nan | won: False 
#   30 | steps:   325 | steps_t:     0 | t: 0.243844 | r:  -514.000000 | e:   1.000000 | Q:        nan | won: False 
#   31 | steps:   331 | steps_t:     0 | t: 0.248892 | r:  -505.000000 | e:   1.000000 | Q:        nan | won: False 
#   32 | steps:   343 | steps_t:     0 | t: 0.258002 | r:  -511.000000 | e:   1.000000 | Q:        nan | won: False 
#   33 | steps:   350 | steps_t:     0 | t: 0.263714 | r:  -506.000000 | e:   1.000000 | Q:        nan | won: False 
#   34 | steps:   357 | steps_t:     0 | t: 0.268901 | r:  -506.000000 | e:   1.000000 | Q:        nan | won: False 
#   35 | steps:   366 | steps_t:     0 | t: 0.274690 | r:  -508.000000 | e:   1.000000 | Q:        nan | won: False 
#   36 | steps:   374 | steps_t:     0 | t: 0.280712 | r:  -507.000000 | e:   1.000000 | Q:        nan | won: False 
#   37 | steps:   390 | steps_t:     0 | t: 0.293809 | r:  -515.000000 | e:   1.000000 | Q:        nan | won: False 
#   38 | steps:   411 | steps_t:     0 | t: 0.309194 | r:  -520.000000 | e:   1.000000 | Q:        nan | won: False 
#   39 | steps:   423 | steps_t:     0 | t: 0.318592 | r:  -511.000000 | e:   1.000000 | Q:        nan | won: False 
#   40 | steps:   431 | steps_t:     0 | t: 0.325020 | r:  -507.000000 | e:   1.000000 | Q:        nan | won: False 
#   41 | steps:   439 | steps_t:     0 | t: 0.334164 | r:  -507.000000 | e:   1.000000 | Q:        nan | won: False 
#   42 | steps:   447 | steps_t:     0 | t: 0.343001 | r:  -507.000000 | e:   1.000000 | Q:        nan | won: False 
#   43 | steps:   457 | steps_t:     0 | t: 0.353114 | r:  -509.000000 | e:   1.000000 | Q:        nan | won: False 
#   44 | steps:   475 | steps_t:     0 | t: 0.371146 | r:  -517.000000 | e:   1.000000 | Q:        nan | won: False 
#   45 | steps:   481 | steps_t:     0 | t: 0.375576 | r:  -505.000000 | e:   1.000000 | Q:        nan | won: False 
#   46 | steps:   490 | steps_t:     0 | t: 0.382498 | r:  -508.000000 | e:   1.000000 | Q:        nan | won: False 
#   47 | steps:   502 | steps_t:     0 | t: 0.396310 | r:  -511.000000 | e:   1.000000 | Q:        nan | won: False 
#   48 | steps:   511 | steps_t:     0 | t: 0.403642 | r:  -508.000000 | e:   1.000000 | Q:        nan | won: False 
#   49 | steps:   524 | steps_t:     0 | t: 0.413080 | r:  -512.000000 | e:   1.000000 | Q:        nan | won: False 
#   50 | steps:   532 | steps_t:     0 | t: 0.419884 | r:  -507.000000 | e:   1.000000 | Q:        nan | won: False 
#   51 | steps:   540 | steps_t:     0 | t: 0.428625 | r:  -507.000000 | e:   1.000000 | Q:        nan | won: False 
#   52 | steps:   550 | steps_t:     0 | t: 0.436007 | r:  -509.000000 | e:   1.000000 | Q:        nan | won: False 
#   53 | steps:   558 | steps_t:     0 | t: 0.441191 | r:  -507.000000 | e:   1.000000 | Q:        nan | won: False 
#   54 | steps:   569 | steps_t:     0 | t: 0.450354 | r:  -510.000000 | e:   1.000000 | Q:        nan | won: False 
#   55 | steps:   579 | steps_t:     0 | t: 0.460161 | r:  -509.000000 | e:   1.000000 | Q:        nan | won: False 
#   56 | steps:   588 | steps_t:     0 | t: 0.466973 | r:  -508.000000 | e:   1.000000 | Q:        nan | won: False 
#   57 | steps:   595 | steps_t:     0 | t: 0.475877 | r:  -506.000000 | e:   1.000000 | Q:        nan | won: False 
#   58 | steps:   607 | steps_t:     0 | t: 0.483679 | r:  -511.000000 | e:   1.000000 | Q:        nan | won: False 
#   59 | steps:   617 | steps_t:     0 | t: 0.494173 | r:  -509.000000 | e:   1.000000 | Q:        nan | won: False 
#   60 | steps:   629 | steps_t:     0 | t: 0.502900 | r:  -511.000000 | e:   1.000000 | Q:        nan | won: False 
#   61 | steps:   637 | steps_t:     0 | t: 0.508793 | r:  -507.000000 | e:   1.000000 | Q:        nan | won: False 
#   62 | steps:   644 | steps_t:     0 | t: 0.513382 | r:  -506.000000 | e:   1.000000 | Q:        nan | won: False 
#   63 | steps:   651 | steps_t:     0 | t: 0.519777 | r:  -506.000000 | e:   1.000000 | Q:        nan | won: False 
#   64 | steps:   660 | steps_t:     0 | t: 0.527313 | r:  -508.000000 | e:   1.000000 | Q:        nan | won: False 
#   65 | steps:   668 | steps_t:     0 | t: 0.532310 | r:  -507.000000 | e:   1.000000 | Q:        nan | won: False 
#   66 | steps:   680 | steps_t:     0 | t: 0.539670 | r:  -511.000000 | e:   1.000000 | Q:        nan | won: False 
#   67 | steps:   695 | steps_t:     0 | t: 0.549992 | r:  -503.000000 | e:   1.000000 | Q:        nan | won: False 
#   68 | steps:   702 | steps_t:     0 | t: 0.556763 | r:  -506.000000 | e:   1.000000 | Q:        nan | won: False 
#   69 | steps:   726 | steps_t:     0 | t: 0.576090 | r:  -512.000000 | e:   1.000000 | Q:        nan | won: False 
#   70 | steps:   734 | steps_t:     0 | t: 0.582557 | r:  -507.000000 | e:   1.000000 | Q:        nan | won: False 
#   71 | steps:   746 | steps_t:     0 | t: 0.595818 | r:  -511.000000 | e:   1.000000 | Q:        nan | won: False 
#   72 | steps:   759 | steps_t:     0 | t: 0.604558 | r:  -512.000000 | e:   1.000000 | Q:        nan | won: False 
#   73 | steps:   772 | steps_t:     0 | t: 0.612571 | r:  -512.000000 | e:   1.000000 | Q:        nan | won: False 
#   74 | steps:   784 | steps_t:     0 | t: 0.624064 | r:  -511.000000 | e:   1.000000 | Q:        nan | won: False 
#   75 | steps:   790 | steps_t:     0 | t: 0.628712 | r:  -505.000000 | e:   1.000000 | Q:        nan | won: False 
#   76 | steps:   799 | steps_t:     0 | t: 0.634968 | r:  -508.000000 | e:   1.000000 | Q:        nan | won: False 
#   77 | steps:   810 | steps_t:     0 | t: 0.642809 | r:  -510.000000 | e:   1.000000 | Q:        nan | won: False 
#   78 | steps:   817 | steps_t:     0 | t: 0.649849 | r:  -506.000000 | e:   1.000000 | Q:        nan | won: False 
#   79 | steps:   835 | steps_t:     0 | t: 0.667388 | r:  -517.000000 | e:   1.000000 | Q:        nan | won: False 
#   80 | steps:   846 | steps_t:     0 | t: 0.681526 | r:  -510.000000 | e:   1.000000 | Q:        nan | won: False 
#   81 | steps:   861 | steps_t:     0 | t: 0.695737 | r:  -514.000000 | e:   1.000000 | Q:        nan | won: False 
#   82 | steps:   870 | steps_t:     0 | t: 0.701815 | r:  -508.000000 | e:   1.000000 | Q:        nan | won: False 
#   83 | steps:   884 | steps_t:     0 | t: 0.712584 | r:  -513.000000 | e:   1.000000 | Q:        nan | won: False 
#   84 | steps:   893 | steps_t:     0 | t: 0.719989 | r:  -508.000000 | e:   1.000000 | Q:        nan | won: False 
#   85 | steps:   901 | steps_t:     0 | t: 0.725728 | r:  -507.000000 | e:   1.000000 | Q:        nan | won: False 
#   86 | steps:   908 | steps_t:     0 | t: 0.730281 | r:  -506.000000 | e:   1.000000 | Q:        nan | won: False 
#   87 | steps:   927 | steps_t:     0 | t: 0.742791 | r:  -518.000000 | e:   1.000000 | Q:        nan | won: False 
#   88 | steps:   940 | steps_t:     0 | t: 0.754028 | r:  -512.000000 | e:   1.000000 | Q:        nan | won: False 
#   89 | steps:   947 | steps_t:     0 | t: 0.759878 | r:  -506.000000 | e:   1.000000 | Q:        nan | won: False 
#   90 | steps:   955 | steps_t:     0 | t: 0.765031 | r:  -507.000000 | e:   1.000000 | Q:        nan | won: False 
#   91 | steps:   967 | steps_t:     0 | t: 0.773874 | r:  -511.000000 | e:   1.000000 | Q:        nan | won: False 
#   92 | steps:   976 | steps_t:     0 | t: 0.780309 | r:  -508.000000 | e:   1.000000 | Q:        nan | won: False 
#   93 | steps:   982 | steps_t:     0 | t: 0.785052 | r:  -505.000000 | e:   1.000000 | Q:        nan | won: False 
#   94 | steps:   996 | steps_t:     0 | t: 0.795507 | r:  -513.000000 | e:   1.000000 | Q:        nan | won: False 
#   95 | steps:  1005 | steps_t:     0 | t: 0.801813 | r:  -508.000000 | e:   1.000000 | Q:        nan | won: False 
#   96 | steps:  1016 | steps_t:     0 | t: 0.809829 | r:  -510.000000 | e:   1.000000 | Q:        nan | won: False 
#   97 | steps:  1023 | steps_t:     0 | t: 0.816408 | r:  -506.000000 | e:   1.000000 | Q:        nan | won: False 
#   98 | steps:  1036 | steps_t:     0 | t: 0.826568 | r:  -512.000000 | e:   1.000000 | Q:        nan | won: False 
#   99 | steps:  1043 | steps_t:     0 | t: 0.831601 | r:  -506.000000 | e:   1.000000 | Q:        nan | won: False 
#  100 | steps:  1054 | steps_t:     0 | t: 0.839904 | r:  -510.000000 | e:   1.000000 | Q:        nan | won: False 
