#    1 | steps:     8 | steps_t:     0 | t: 0.049075 | r:  -507.000000 | e:   1.000000 | Q:        nan | won: False 
#    2 | steps:    16 | steps_t:     0 | t: 0.054720 | r:  -507.000000 | e:   1.000000 | Q:        nan | won: False 
#    3 | steps:    25 | steps_t:     0 | t: 0.061534 | r:  -508.000000 | e:   1.000000 | Q:        nan | won: False 
#    4 | steps:    32 | steps_t:     0 | t: 0.066091 | r:  -506.000000 | e:   1.000000 | Q:        nan | won: False 
#    5 | steps:    41 | steps_t:     0 | t: 0.071743 | r:  -508.000000 | e:   1.000000 | Q:        nan | won: False 
#    6 | steps:    48 | steps_t:     0 | t: 0.078315 | r:  -506.000000 | e:   1.000000 | Q:        nan | won: False 
#    7 | steps:    57 | steps_t:     0 | t: 0.084239 | r:  -508.000000 | e:   1.000000 | Q:        nan | won: False 
#    8 | steps:    64 | steps_t:     0 | t: 0.088711 | r:  -506.000000 | e:   1.000000 | Q:        nan | won: False 
#    9 | steps:    71 | steps_t:     0 | t: 0.093956 | r:  -506.000000 | e:   1.000000 | Q:        nan | won: False 
#   10 | steps:    79 | steps_t:     0 | t: 0.100178 | r:  -507.000000 | e:   1.000000 | Q:        nan | won: False 
#   11 | steps:    93 | steps_t:     0 | t: 0.110458 | r:  -502.000000 | e:   1.000000 | Q:        nan | won: False 
#   12 | steps:   101 | steps_t:     0 | t: 0.116616 | r:  -507.000000 | e:   1.000000 | Q:        nan | won: False 
#   13 | steps:   109 | steps_t:     0 | t: 0.122266 | r:  -507.000000 | e:   1.000000 | Q:        nan | won: False 
#   14 | steps:   117 | steps_t:     0 | t: 0.128292 | r:  -507.000000 | e:   1.000000 | Q:        nan | won: False 
#   15 | steps:   128 | steps_t:     0 | t: 0.135217 | r:  -510.000000 | e:   1.000000 | Q:        nan | won: False 
#   16 | steps:   135 | steps_t:     0 | t: 0.140529 | r:  -506.000000 | e:   1.000000 | Q:        nan | won: False 
#   17 | steps:   157 | steps_t:     0 | t: 0.156305 | r:  -521.000000 | e:   1.000000 | Q:        nan | won: False 
#   18 | steps:   166 | steps_t:     0 | t: 0.162176 | r:  -508.000000 | e:   1.000000 | Q:        nan | won: False 
#   19 | steps:   171 | steps_t:     0 | t: 0.165319 | r:  -504.000000 | e:   1.000000 | Q:        nan | won: False 
#   20 | steps:   180 | steps_t:     0 | t: 0.171555 | r:  -508.000000 | e:   1.000000 | Q:        nan | won: False 
#   21 | steps:   188 | steps_t:     0 | t: 0.178472 | r:  -507.000000 | e:   1.000000 | Q:        nan | won: False 
#   22 | steps:   197 | steps_t:     0 | t: 0.185481 | r:  -508.000000 | e:   1.000000 | Q:        nan | won: False 
#   23 | steps:   213 | steps_t:     0 | t: 0.195635 | r:  -515.000000 | e:   1.000000 | Q:        nan | won: False 
#   24 | steps:   228 | steps_t:     0 | t: 0.206040 | r:  -514.000000 | e:   1.000000 | Q:        nan | won: False 
#   25 | steps:   239 | steps_t:     0 | t: 0.213969 | r:  -510.000000 | e:   1.000000 | Q:        nan | won: False 
#   26 | steps:   249 | steps_t:     0 | t: 0.222454 | r:  -509.000000 | e:   1.000000 | Q:        nan | won: False 
#   27 | steps:   255 | steps_t:     0 | t: 0.226381 | r:  -505.000000 | e:   1.000000 | Q:        nan | won: False 
#   28 | steps:   265 | steps_t:     0 | t: 0.233105 | r:  -509.000000 | e:   1.000000 | Q:        nan | won: False 
#   29 | steps:   272 | steps_t:     0 | t: 0.238441 | r:  -506.000000 | e:   1.000000 | Q:        nan | won: False 
#   30 | steps:   279 | steps_t:     0 | t: 0.244528 | r:  -506.000000 | e:   1.000000 | Q:        nan | won: False 
#   31 | steps:   291 | steps_t:     0 | t: 0.252815 | r:  -511.000000 | e:   1.000000 | Q:        nan | won: False 
#   32 | steps:   300 | steps_t:     0 | t: 0.259686 | r:  -508.000000 | e:   1.000000 | Q:        nan | won: False 
#   33 | steps:   309 | steps_t:     0 | t: 0.266863 | r:  -508.000000 | e:   1.000000 | Q:        nan | won: False 
#   34 | steps:   316 | steps_t:     0 | t: 0.271928 | r:  -506.000000 | e:   1.000000 | Q:        nan | won: False 
#   35 | steps:   323 | steps_t:     0 | t: 0.278115 | r:  -506.000000 | e:   1.000000 | Q:        nan | won: False 
#   36 | steps:   336 | steps_t:     0 | t: 0.286166 | r:  -512.000000 | e:   1.000000 | Q:        nan | won: False 
#   37 | steps:   346 | steps_t:     0 | t: 0.294193 | r:  -509.000000 | e:   1.000000 | Q:        nan | won: False 
#   38 | steps:   356 | steps_t:     0 | t: 0.301554 | r:  -509.000000 | e:   1.000000 | Q:        nan | won: False 
#   39 | steps:   378 | steps_t:     0 | t: 0.317520 | r:  -521.000000 | e:   1.000000 | Q:        nan | won: False 
#   40 | steps:   385 | steps_t:     0 | t: 0.323308 | r:  -506.000000 | e:   1.000000 | Q:        nan | won: False 
#   41 | steps:   410 | steps_t:     0 | t: 0.341606 | r:  -524.000000 | e:   1.000000 | Q:        nan | won: False 
#   42 | steps:   417 | steps_t:     0 | t: 0.346189 | r:  -506.000000 | e:   1.000000 | Q:        nan | won: False 
#   43 | steps:   425 | steps_t:     0 | t: 0.351095 | r:  -507.000000 | e:   1.000000 | Q:        nan | won: False 
#   44 | steps:   442 | steps_t:     0 | t: 0.363577 | r:  -516.000000 | e:   1.000000 | Q:        nan | won: False 
#   45 | steps:   451 | steps_t:     0 | t: 0.371138 | r:  -508.000000 | e:   1.000000 | Q:        nan | won: False 
#   46 | steps:   459 | steps_t:     0 | t: 0.377478 | r:  -507.000000 | e:   1.000000 | Q:        nan | won: False 
#   47 | steps:   468 | steps_t:     0 | t: 0.383004 | r:  -508.000000 | e:   1.000000 | Q:        nan | won: False 
#   48 | steps:   482 | steps_t:     0 | t: 0.393084 | r:  -513.000000 | e:   1.000000 | Q:        nan | won: False 
#   49 | steps:   496 | steps_t:     0 | t: 0.404706 | r:  -513.000000 | e:   1.000000 | Q:        nan | won: False 
#   50 | steps:   503 | steps_t:     0 | t: 0.409576 | r:  -506.000000 | e:   1.000000 | Q:        nan | won: False 
#   51 | steps:   513 | steps_t:     0 | t: 0.416391 | r:  -509.000000 | e:   1.000000 | Q:        nan | won: False 
#   52 | steps:   524 | steps_t:     0 | t: 0.423396 | r:  -510.000000 | e:   1.000000 | Q:        nan | won: False 
#   53 | steps:   536 | steps_t:     0 | t: 0.433851 | r:  -511.000000 | e:   1.000000 | Q:        nan | won: False 
#   54 | steps:   545 | steps_t:     0 | t: 0.443810 | r:  -508.000000 | e:   1.000000 | Q:        nan | won: False 
#   55 | steps:   553 | steps_t:     0 | t: 0.449642 | r:  -507.000000 | e:   1.000000 | Q:        nan | won: False 
#   56 | steps:   559 | steps_t:     0 | t: 0.454336 | r:  -505.000000 | e:   1.000000 | Q:        nan | won: False 
#   57 | steps:   570 | steps_t:     0 | t: 0.462380 | r:  -510.000000 | e:   1.000000 | Q:        nan | won: False 
#   58 | steps:   578 | steps_t:     0 | t: 0.469299 | r:  -507.000000 | e:   1.000000 | Q:        nan | won: False 
#   59 | steps:   586 | steps_t:     0 | t: 0.475146 | r:  -507.000000 | e:   1.000000 | Q:        nan | won: False 
#   60 | steps:   596 | steps_t:     0 | t: 0.482150 | r:  -509.000000 | e:   1.000000 | Q:        nan | won: False 
#   61 | steps:   605 | steps_t:     0 | t: 0.487986 | r:  -508.000000 | e:   1.000000 | Q:        nan | won: False 
#   62 | steps:   613 | steps_t:     0 | t: 0.493988 | r:  -507.000000 | e:   1.000000 | Q:        nan | won: False 
#   63 | steps:   619 | steps_t:     0 | t: 0.498989 | r:  -505.000000 | e:   1.000000 | Q:        nan | won: False 
#   64 | steps:   629 | steps_t:     0 | t: 0.505621 | r:  -509.000000 | e:   1.000000 | Q:        nan | won: False 
#   65 | steps:   636 | steps_t:     0 | t: 0.510325 | r:  -506.000000 | e:   1.000000 | Q:        nan | won: False 
#   66 | steps:   647 | steps_t:     0 | t: 0.518267 | r:  -510.000000 | e:   1.000000 | Q:        nan | won: False 
#   67 | steps:   656 | steps_t:     0 | t: 0.524143 | r:  -508.000000 | e:   1.000000 | Q:        nan | won: False 
#   68 | steps:   666 | steps_t:     0 | t: 0.531237 | r:  -509.000000 | e:   1.000000 | Q:        nan | won: False 
#   69 | steps:   678 | steps_t:     0 | t: 0.540911 | r:  -511.000000 | e:   1.000000 | Q:        nan | won: False 
#   70 | steps:   686 | steps_t:     0 | t: 0.546679 | r:  -507.000000 | e:   1.000000 | Q:        nan | won: False 
#   71 | steps:   695 | steps_t:     0 | t: 0.552528 | r:  -508.000000 | e:   1.000000 | Q:        nan | won: False 
#   72 | steps:   707 | steps_t:     0 | t: 0.561721 | r:  -511.000000 | e:   1.000000 | Q:        nan | won: False 
#   73 | steps:   721 | steps_t:     0 | t: 0.572292 | r:  -513.000000 | e:   1.000000 | Q:        nan | won: False 
#   74 | steps:   731 | steps_t:     0 | t: 0.580605 | r:  -509.000000 | e:   1.000000 | Q:        nan | won: False 
#   75 | steps:   740 | steps_t:     0 | t: 0.586193 | r:  -508.000000 | e:   1.000000 | Q:        nan | won: False 
#   76 | steps:   751 | steps_t:     0 | t: 0.593836 | r:  -510.000000 | e:   1.000000 | Q:        nan | won: False 
#   77 | steps:   764 | steps_t:     0 | t: 0.604125 | r:  -512.000000 | e:   1.000000 | Q:        nan | won: False 
#   78 | steps:   771 | steps_t:     0 | t: 0.608549 | r:  -506.000000 | e:   1.000000 | Q:        nan | won: False 
#   79 | steps:   787 | steps_t:     0 | t: 0.619093 | r:  -515.000000 | e:   1.000000 | Q:        nan | won: False 
#   80 | steps:   804 | steps_t:     0 | t: 0.634529 | r:  -516.000000 | e:   1.000000 | Q:        nan | won: False 
#   81 | steps:   815 | steps_t:     0 | t: 0.642364 | r:  -510.000000 | e:   1.000000 | Q:        nan | won: False 
#   82 | steps:   825 | steps_t:     0 | t: 0.649502 | r:  -509.000000 | e:   1.000000 | Q:        nan | won: False 
#   83 | steps:   833 | steps_t:     0 | t: 0.655313 | r:  -507.000000 | e:   1.000000 | Q:        nan | won: False 
#   84 | steps:   843 | steps_t:     0 | t: 0.662872 | r:  -509.000000 | e:   1.000000 | Q:        nan | won: False 
#   85 | steps:   851 | steps_t:     0 | t: 0.668480 | r:  -507.000000 | e:   1.000000 | Q:        nan | won: False 
#   86 | steps:   857 | steps_t:     0 | t: 0.672615 | r:  -505.000000 | e:   1.000000 | Q:        nan | won: False 
#   87 | steps:   866 | steps_t:     0 | t: 0.679776 | r:  -508.000000 | e:   1.000000 | Q:        nan | won: False 
#   88 | steps:   876 | steps_t:     0 | t: 0.686408 | r:  -509.000000 | e:   1.000000 | Q:        nan | won: False 
#   89 | steps:   890 | steps_t:     0 | t: 0.698771 | r:  -513.000000 | e:   1.000000 | Q:        nan | won: False 
#   90 | steps:   899 | steps_t:     0 | t: 0.704567 | r:  -508.000000 | e:   1.000000 | Q:        nan | won: False 
#   91 | steps:   910 | steps_t:     0 | t: 0.712391 | r:  -510.000000 | e:   1.000000 | Q:        nan | won: False 
#   92 | steps:   920 | steps_t:     0 | t: 0.719573 | r:  -509.000000 | e:   1.000000 | Q:        nan | won: False 
#   93 | steps:   932 | steps_t:     0 | t: 0.728560 | r:  -511.000000 | e:   1.000000 | Q:        nan | won: False 
#   94 | steps:   942 | steps_t:     0 | t: 0.734903 | r:  -509.000000 | e:   1.000000 | Q:        nan | won: False 
#   95 | steps:   961 | steps_t:     0 | t: 0.747292 | r:  -518.000000 | e:   1.000000 | Q:        nan | won: False 
#   96 | steps:   969 | steps_t:     0 | t: 0.753299 | r:  -507.000000 | e:   1.000000 | Q:        nan | won: False 
#   97 | steps:   980 | steps_t:     0 | t: 0.762369 | r:  -510.000000 | e:   1.000000 | Q:        nan | won: False 
#   98 | steps:   987 | steps_t:     0 | t: 0.766751 | r:  -506.000000 | e:   1.000000 | Q:        nan | won: False 
#   99 | steps:   997 | steps_t:     0 | t: 0.772852 | r:  -509.000000 | e:   1.000000 | Q:        nan | won: False 
#  100 | steps:  1006 | steps_t:     0 | t: 0.779848 | r:  -508.000000 | e:   1.000000 | Q:        nan | won: False 
