#    1 | steps:     8 | steps_t:     0 | t: 0.008037 | r:  -507.000000 | e:   1.000000 | Q:        nan | won: False 
#    2 | steps:    23 | steps_t:     0 | t: 0.018010 | r:  -514.000000 | e:   1.000000 | Q:        nan | won: False 
#    3 | steps:    43 | steps_t:     0 | t: 0.034295 | r:  -519.000000 | e:   1.000000 | Q:        nan | won: False 
#    4 | steps:    53 | steps_t:     0 | t: 0.042009 | r:  -509.000000 | e:   1.000000 | Q:        nan | won: False 
#    5 | steps:    61 | steps_t:     0 | t: 0.047749 | r:  -507.000000 | e:   1.000000 | Q:        nan | won: False 
#    6 | steps:    72 | steps_t:     0 | t: 0.055282 | r:  -510.000000 | e:   1.000000 | Q:        nan | won: False 
#    7 | steps:    79 | steps_t:     0 | t: 0.059624 | r:  -506.000000 | e:   1.000000 | Q:        nan | won: False 
#    8 | steps:    88 | steps_t:     0 | t: 0.065604 | r:  -508.000000 | e:   1.000000 | Q:        nan | won: False 
#    9 | steps:    99 | steps_t:     0 | t: 0.075084 | r:  -510.000000 | e:   1.000000 | Q:        nan | won: False 
#   10 | steps:   115 | steps_t:     0 | t: 0.085276 | r:  -515.000000 | e:   1.000000 | Q:        nan | won: False 
#   11 | steps:   123 | steps_t:     0 | t: 0.091555 | r:  -507.000000 | e:   1.000000 | Q:        nan | won: False 
#   12 | steps:   138 | steps_t:     0 | t: 0.103340 | r:  -514.000000 | e:   1.000000 | Q:        nan | won: False 
#   13 | steps:   144 | steps_t:     0 | t: 0.107518 | r:  -505.000000 | e:   1.000000 | Q:        nan | won: False 
#   14 | steps:   153 | steps_t:     0 | t: 0.113694 | r:  -508.000000 | e:   1.000000 | Q:        nan | won: False 
#   15 | steps:   164 | steps_t:     0 | t: 0.121529 | r:  -510.000000 | e:   1.000000 | Q:        nan | won: False 
#   16 | steps:   180 | steps_t:     0 | t: 0.134327 | r:  -515.000000 | e:   1.000000 | Q:        nan | won: False 
#   17 | steps:   199 | steps_t:     0 | t: 0.146838 | r:  -507.000000 | e:   1.000000 | Q:        nan | won: False 
#   18 | steps:   208 | steps_t:     0 | t: 0.153510 | r:  -508.000000 | e:   1.000000 | Q:        nan | won: False 
#   19 | steps:   215 | steps_t:     0 | t: 0.158872 | r:  -506.000000 | e:   1.000000 | Q:        nan | won: False 
#   20 | steps:   225 | steps_t:     0 | t: 0.166567 | r:  -509.000000 | e:   1.000000 | Q:        nan | won: False 
#   21 | steps:   233 | steps_t:     0 | t: 0.172694 | r:  -507.000000 | e:   1.000000 | Q:        nan | won: False 
#   22 | steps:   254 | steps_t:     0 | t: 0.187166 | r:  -520.000000 | e:   1.000000 | Q:        nan | won: False 
#   23 | steps:   261 | steps_t:     0 | t: 0.191864 | r:  -506.000000 | e:   1.000000 | Q:        nan | won: False 
#   24 | steps:   282 | steps_t:     0 | t: 0.207963 | r:  -520.000000 | e:   1.000000 | Q:        nan | won: False 
#   25 | steps:   294 | steps_t:     0 | t: 0.216023 | r:  -511.000000 | e:   1.000000 | Q:        nan | won: False 
#   26 | steps:   305 | steps_t:     0 | t: 0.223790 | r:  -510.000000 | e:   1.000000 | Q:        nan | won: False 
#   27 | steps:   317 | steps_t:     0 | t: 0.233785 | r:  -511.000000 | e:   1.000000 | Q:        nan | won: False 
#   28 | steps:   324 | steps_t:     0 | t: 0.238792 | r:  -506.000000 | e:   1.000000 | Q:        nan | won: False 
#   29 | steps:   333 | steps_t:     0 | t: 0.244511 | r:  -508.000000 | e:   1.000000 | Q:        nan | won: False 
#   30 | steps:   348 | steps_t:     0 | t: 0.255424 | r:  -503.000000 | e:   1.000000 | Q:        nan | won: False 
#   31 | steps:   358 | steps_t:     0 | t: 0.263290 | r:  -509.000000 | e:   1.000000 | Q:        nan | won: False 
#   32 | steps:   367 | steps_t:     0 | t: 0.269999 | r:  -508.000000 | e:   1.000000 | Q:        nan | won: False 
#   33 | steps:   376 | steps_t:     0 | t: 0.275683 | r:  -508.000000 | e:   1.000000 | Q:        nan | won: False 
#   34 | steps:   386 | steps_t:     0 | t: 0.281740 | r:  -509.000000 | e:   1.000000 | Q:        nan | won: False 
#   35 | steps:   394 | steps_t:     0 | t: 0.288189 | r:  -507.000000 | e:   1.000000 | Q:        nan | won: False 
#   36 | steps:   402 | steps_t:     0 | t: 0.294714 | r:  -507.000000 | e:   1.000000 | Q:        nan | won: False 
#   37 | steps:   409 | steps_t:     0 | t: 0.299140 | r:  -506.000000 | e:   1.000000 | Q:        nan | won: False 
#   38 | steps:   418 | steps_t:     0 | t: 0.305129 | r:  -508.000000 | e:   1.000000 | Q:        nan | won: False 
#   39 | steps:   430 | steps_t:     0 | t: 0.314078 | r:  -511.000000 | e:   1.000000 | Q:        nan | won: False 
#   40 | steps:   437 | steps_t:     0 | t: 0.318825 | r:  -506.000000 | e:   1.000000 | Q:        nan | won: False 
#   41 | steps:   452 | steps_t:     0 | t: 0.330413 | r:  -514.000000 | e:   1.000000 | Q:        nan | won: False 
#   42 | steps:   467 | steps_t:     0 | t: 0.340034 | r:  -514.000000 | e:   1.000000 | Q:        nan | won: False 
#   43 | steps:   475 | steps_t:     0 | t: 0.345557 | r:  -507.000000 | e:   1.000000 | Q:        nan | won: False 
#   44 | steps:   483 | steps_t:     0 | t: 0.351275 | r:  -507.000000 | e:   1.000000 | Q:        nan | won: False 
#   45 | steps:   490 | steps_t:     0 | t: 0.357114 | r:  -506.000000 | e:   1.000000 | Q:        nan | won: False 
#   46 | steps:   497 | steps_t:     0 | t: 0.362763 | r:  -506.000000 | e:   1.000000 | Q:        nan | won: False 
#   47 | steps:   510 | steps_t:     0 | t: 0.371781 | r:  -512.000000 | e:   1.000000 | Q:        nan | won: False 
#   48 | steps:   536 | steps_t:     0 | t: 0.390811 | r:  -514.000000 | e:   1.000000 | Q:        nan | won: False 
#   49 | steps:   544 | steps_t:     0 | t: 0.396474 | r:  -507.000000 | e:   1.000000 | Q:        nan | won: False 
#   50 | steps:   550 | steps_t:     0 | t: 0.400306 | r:  -505.000000 | e:   1.000000 | Q:        nan | won: False 
#   51 | steps:   560 | steps_t:     0 | t: 0.407955 | r:  -509.000000 | e:   1.000000 | Q:        nan | won: False 
#   52 | steps:   575 | steps_t:     0 | t: 0.417841 | r:  -514.000000 | e:   1.000000 | Q:        nan | won: False 
#   53 | steps:   581 | steps_t:     0 | t: 0.423635 | r:  -505.000000 | e:   1.000000 | Q:        nan | won: False 
#   54 | steps:   612 | steps_t:     0 | t: 0.444760 | r:  -530.000000 | e:   1.000000 | Q:        nan | won: False 
#   55 | steps:   632 | steps_t:     0 | t: 0.459455 | r:  -519.000000 | e:   1.000000 | Q:        nan | won: False 
#   56 | steps:   658 | steps_t:     0 | t: 0.477154 | r:  -525.000000 | e:   1.000000 | Q:        nan | won: False 
#   57 | steps:   666 | steps_t:     0 | t: 0.482057 | r:  -507.000000 | e:   1.000000 | Q:        nan | won: False 
#   58 | steps:   673 | steps_t:     0 | t: 0.489139 | r:  -506.000000 | e:   1.000000 | Q:        nan | won: False 
#   59 | steps:   682 | steps_t:     0 | t: 0.494941 | r:  -508.000000 | e:   1.000000 | Q:        nan | won: False 
#   60 | steps:   692 | steps_t:     0 | t: 0.501759 | r:  -509.000000 | e:   1.000000 | Q:        nan | won: False 
#   61 | steps:   710 | steps_t:     0 | t: 0.514787 | r:  -517.000000 | e:   1.000000 | Q:        nan | won: False 
#   62 | steps:   718 | steps_t:     0 | t: 0.520768 | r:  -507.000000 | e:   1.000000 | Q:        nan | won: False 
#   63 | steps:   727 | steps_t:     0 | t: 0.527700 | r:  -508.000000 | e:   1.000000 | Q:        nan | won: False 
#   64 | steps:   748 | steps_t:     0 | t: 0.541926 | r:  -520.000000 | e:   1.000000 | Q:        nan | won: False 
#   65 | steps:   755 | steps_t:     0 | t: 0.546534 | r:  -506.000000 | e:   1.000000 | Q:        nan | won: False 
#   66 | steps:   764 | steps_t:     0 | t: 0.554625 | r:  -508.000000 | e:   1.000000 | Q:        nan | won: False 
#   67 | steps:   790 | steps_t:     0 | t: 0.575286 | r:  -514.000000 | e:   1.000000 | Q:        nan | won: False 
#   68 | steps:   799 | steps_t:     0 | t: 0.581870 | r:  -508.000000 | e:   1.000000 | Q:        nan | won: False 
#   69 | steps:   818 | steps_t:     0 | t: 0.594892 | r:  -518.000000 | e:   1.000000 | Q:        nan | won: False 
#   70 | steps:   831 | steps_t:     0 | t: 0.605163 | r:  -512.000000 | e:   1.000000 | Q:        nan | won: False 
#   71 | steps:   842 | steps_t:     0 | t: 0.614633 | r:  -510.000000 | e:   1.000000 | Q:        nan | won: False 
#   72 | steps:   848 | steps_t:     0 | t: 0.619085 | r:  -505.000000 | e:   1.000000 | Q:        nan | won: False 
#   73 | steps:   858 | steps_t:     0 | t: 0.626637 | r:  -509.000000 | e:   1.000000 | Q:        nan | won: False 
#   74 | steps:   870 | steps_t:     0 | t: 0.635417 | r:  -511.000000 | e:   1.000000 | Q:        nan | won: False 
#   75 | steps:   880 | steps_t:     0 | t: 0.642237 | r:  -509.000000 | e:   1.000000 | Q:        nan | won: False 
#   76 | steps:   886 | steps_t:     0 | t: 0.647638 | r:  -505.000000 | e:   1.000000 | Q:        nan | won: False 
#   77 | steps:   896 | steps_t:     0 | t: 0.654593 | r:  -509.000000 | e:   1.000000 | Q:        nan | won: False 
#   78 | steps:   903 | steps_t:     0 | t: 0.659903 | r:  -506.000000 | e:   1.000000 | Q:        nan | won: False 
#   79 | steps:   913 | steps_t:     0 | t: 0.666827 | r:  -509.000000 | e:   1.000000 | Q:        nan | won: False 
#   80 | steps:   939 | steps_t:     0 | t: 0.686987 | r:  -525.000000 | e:   1.000000 | Q:        nan | won: False 
#   81 | steps:   945 | steps_t:     0 | t: 0.691895 | r:  -505.000000 | e:   1.000000 | Q:        nan | won: False 
#   82 | steps:   962 | steps_t:     0 | t: 0.702700 | r:  -516.000000 | e:   1.000000 | Q:        nan | won: False 
#   83 | steps:   970 | steps_t:     0 | t: 0.710049 | r:  -507.000000 | e:   1.000000 | Q:        nan | won: False 
#   84 | steps:   983 | steps_t:     0 | t: 0.718193 | r:  -512.000000 | e:   1.000000 | Q:        nan | won: False 
#   85 | steps:   994 | steps_t:     0 | t: 0.725715 | r:  -510.000000 | e:   1.000000 | Q:        nan | won: False 
#   86 | steps:  1000 | steps_t:     0 | t: 0.730235 | r:  -505.000000 | e:   1.000000 | Q:        nan | won: False 
#   87 | steps:  1012 | steps_t:     0 | t: 0.737987 | r:  -511.000000 | e:   1.000000 | Q:        nan | won: False 
#   88 | steps:  1024 | steps_t:     0 | t: 0.747829 | r:  -511.000000 | e:   1.000000 | Q:        nan | won: False 
#   89 | steps:  1041 | steps_t:     0 | t: 0.759858 | r:  -516.000000 | e:   1.000000 | Q:        nan | won: False 
#   90 | steps:  1051 | steps_t:     0 | t: 0.766052 | r:  -509.000000 | e:   1.000000 | Q:        nan | won: False 
#   91 | steps:  1059 | steps_t:     0 | t: 0.772171 | r:  -507.000000 | e:   1.000000 | Q:        nan | won: False 
#   92 | steps:  1071 | steps_t:     0 | t: 0.780933 | r:  -511.000000 | e:   1.000000 | Q:        nan | won: False 
#   93 | steps:  1081 | steps_t:     0 | t: 0.789467 | r:  -509.000000 | e:   1.000000 | Q:        nan | won: False 
#   94 | steps:  1093 | steps_t:     0 | t: 0.797217 | r:  -511.000000 | e:   1.000000 | Q:        nan | won: False 
#   95 | steps:  1112 | steps_t:     0 | t: 0.812242 | r:  -518.000000 | e:   1.000000 | Q:        nan | won: False 
#   96 | steps:  1121 | steps_t:     0 | t: 0.818262 | r:  -508.000000 | e:   1.000000 | Q:        nan | won: False 
#   97 | steps:  1128 | steps_t:     0 | t: 0.823212 | r:  -506.000000 | e:   1.000000 | Q:        nan | won: False 
#   98 | steps:  1136 | steps_t:     0 | t: 0.829302 | r:  -507.000000 | e:   1.000000 | Q:        nan | won: False 
#   99 | steps:  1145 | steps_t:     0 | t: 0.835453 | r:  -508.000000 | e:   1.000000 | Q:        nan | won: False 
#  100 | steps:  1152 | steps_t:     0 | t: 0.841958 | r:  -506.000000 | e:   1.000000 | Q:        nan | won: False 
