#    1 | steps:     8 | steps_t:     0 | t: 0.007525 | r:  -507.000000 | e:   1.000000 | Q:        nan | won: False 
#    2 | steps:    17 | steps_t:     0 | t: 0.014089 | r:  -508.000000 | e:   1.000000 | Q:        nan | won: False 
#    3 | steps:    23 | steps_t:     0 | t: 0.017948 | r:  -505.000000 | e:   1.000000 | Q:        nan | won: False 
#    4 | steps:    30 | steps_t:     0 | t: 0.024557 | r:  -506.000000 | e:   1.000000 | Q:        nan | won: False 
#    5 | steps:    37 | steps_t:     0 | t: 0.030058 | r:  -506.000000 | e:   1.000000 | Q:        nan | won: False 
#    6 | steps:    43 | steps_t:     0 | t: 0.034828 | r:  -505.000000 | e:   1.000000 | Q:        nan | won: False 
#    7 | steps:    51 | steps_t:     0 | t: 0.041079 | r:  -507.000000 | e:   1.000000 | Q:        nan | won: False 
#    8 | steps:    58 | steps_t:     0 | t: 0.045685 | r:  -506.000000 | e:   1.000000 | Q:        nan | won: False 
#    9 | steps:    69 | steps_t:     0 | t: 0.054028 | r:  -510.000000 | e:   1.000000 | Q:        nan | won: False 
#   10 | steps:    82 | steps_t:     0 | t: 0.063258 | r:  -512.000000 | e:   1.000000 | Q:        nan | won: False 
#   11 | steps:    87 | steps_t:     0 | t: 0.067000 | r:  -504.000000 | e:   1.000000 | Q:        nan | won: False 
#   12 | steps:    98 | steps_t:     0 | t: 0.074826 | r:  -510.000000 | e:   1.000000 | Q:        nan | won: False 
#   13 | steps:   105 | steps_t:     0 | t: 0.079916 | r:  -506.000000 | e:   1.000000 | Q:        nan | won: False 
#   14 | steps:   125 | steps_t:     0 | t: 0.096633 | r:  -519.000000 | e:   1.000000 | Q:        nan | won: False 
#   15 | steps:   132 | steps_t:     0 | t: 0.101840 | r:  -506.000000 | e:   1.000000 | Q:        nan | won: False 
#   16 | steps:   141 | steps_t:     0 | t: 0.108404 | r:  -508.000000 | e:   1.000000 | Q:        nan | won: False 
#   17 | steps:   149 | steps_t:     0 | t: 0.116395 | r:  -507.000000 | e:   1.000000 | Q:        nan | won: False 
#   18 | steps:   160 | steps_t:     0 | t: 0.129238 | r:  -510.000000 | e:   1.000000 | Q:        nan | won: False 
#   19 | steps:   170 | steps_t:     0 | t: 0.142152 | r:  -509.000000 | e:   1.000000 | Q:        nan | won: False 
#   20 | steps:   179 | steps_t:     0 | t: 0.150946 | r:  -508.000000 | e:   1.000000 | Q:        nan | won: False 
#   21 | steps:   187 | steps_t:     0 | t: 0.157603 | r:  -507.000000 | e:   1.000000 | Q:        nan | won: False 
#   22 | steps:   194 | steps_t:     0 | t: 0.162662 | r:  -506.000000 | e:   1.000000 | Q:        nan | won: False 
#   23 | steps:   202 | steps_t:     0 | t: 0.168221 | r:  -507.000000 | e:   1.000000 | Q:        nan | won: False 
#   24 | steps:   212 | steps_t:     0 | t: 0.175042 | r:  -509.000000 | e:   1.000000 | Q:        nan | won: False 
#   25 | steps:   219 | steps_t:     0 | t: 0.180181 | r:  -506.000000 | e:   1.000000 | Q:        nan | won: False 
#   26 | steps:   227 | steps_t:     0 | t: 0.185947 | r:  -507.000000 | e:   1.000000 | Q:        nan | won: False 
#   27 | steps:   240 | steps_t:     0 | t: 0.194994 | r:  -512.000000 | e:   1.000000 | Q:        nan | won: False 
#   28 | steps:   259 | steps_t:     0 | t: 0.210732 | r:  -518.000000 | e:   1.000000 | Q:        nan | won: False 
#   29 | steps:   265 | steps_t:     0 | t: 0.216313 | r:  -505.000000 | e:   1.000000 | Q:        nan | won: False 
#   30 | steps:   271 | steps_t:     0 | t: 0.223906 | r:  -505.000000 | e:   1.000000 | Q:        nan | won: False 
#   31 | steps:   278 | steps_t:     0 | t: 0.230591 | r:  -506.000000 | e:   1.000000 | Q:        nan | won: False 
#   32 | steps:   290 | steps_t:     0 | t: 0.240245 | r:  -511.000000 | e:   1.000000 | Q:        nan | won: False 
#   33 | steps:   303 | steps_t:     0 | t: 0.249512 | r:  -512.000000 | e:   1.000000 | Q:        nan | won: False 
#   34 | steps:   311 | steps_t:     0 | t: 0.255432 | r:  -507.000000 | e:   1.000000 | Q:        nan | won: False 
#   35 | steps:   321 | steps_t:     0 | t: 0.262691 | r:  -509.000000 | e:   1.000000 | Q:        nan | won: False 
#   36 | steps:   328 | steps_t:     0 | t: 0.269054 | r:  -506.000000 | e:   1.000000 | Q:        nan | won: False 
#   37 | steps:   340 | steps_t:     0 | t: 0.278457 | r:  -511.000000 | e:   1.000000 | Q:        nan | won: False 
#   38 | steps:   362 | steps_t:     0 | t: 0.294241 | r:  -521.000000 | e:   1.000000 | Q:        nan | won: False 
#   39 | steps:   375 | steps_t:     0 | t: 0.304205 | r:  -512.000000 | e:   1.000000 | Q:        nan | won: False 
#   40 | steps:   385 | steps_t:     0 | t: 0.311617 | r:  -509.000000 | e:   1.000000 | Q:        nan | won: False 
#   41 | steps:   391 | steps_t:     0 | t: 0.316009 | r:  -505.000000 | e:   1.000000 | Q:        nan | won: False 
#   42 | steps:   397 | steps_t:     0 | t: 0.320483 | r:  -505.000000 | e:   1.000000 | Q:        nan | won: False 
#   43 | steps:   404 | steps_t:     0 | t: 0.325256 | r:  -506.000000 | e:   1.000000 | Q:        nan | won: False 
#   44 | steps:   418 | steps_t:     0 | t: 0.338115 | r:  -513.000000 | e:   1.000000 | Q:        nan | won: False 
#   45 | steps:   434 | steps_t:     0 | t: 0.349724 | r:  -504.000000 | e:   1.000000 | Q:        nan | won: False 
#   46 | steps:   444 | steps_t:     0 | t: 0.357040 | r:  -509.000000 | e:   1.000000 | Q:        nan | won: False 
#   47 | steps:   452 | steps_t:     0 | t: 0.363213 | r:  -507.000000 | e:   1.000000 | Q:        nan | won: False 
#   48 | steps:   462 | steps_t:     0 | t: 0.370374 | r:  -509.000000 | e:   1.000000 | Q:        nan | won: False 
#   49 | steps:   471 | steps_t:     0 | t: 0.376529 | r:  -508.000000 | e:   1.000000 | Q:        nan | won: False 
#   50 | steps:   477 | steps_t:     0 | t: 0.381097 | r:  -505.000000 | e:   1.000000 | Q:        nan | won: False 
#   51 | steps:   494 | steps_t:     0 | t: 0.395728 | r:  -516.000000 | e:   1.000000 | Q:        nan | won: False 
#   52 | steps:   505 | steps_t:     0 | t: 0.403723 | r:  -510.000000 | e:   1.000000 | Q:        nan | won: False 
#   53 | steps:   518 | steps_t:     0 | t: 0.413564 | r:  -512.000000 | e:   1.000000 | Q:        nan | won: False 
#   54 | steps:   529 | steps_t:     0 | t: 0.421489 | r:  -510.000000 | e:   1.000000 | Q:        nan | won: False 
#   55 | steps:   537 | steps_t:     0 | t: 0.427327 | r:  -507.000000 | e:   1.000000 | Q:        nan | won: False 
#   56 | steps:   547 | steps_t:     0 | t: 0.434607 | r:  -509.000000 | e:   1.000000 | Q:        nan | won: False 
#   57 | steps:   565 | steps_t:     0 | t: 0.450577 | r:  -517.000000 | e:   1.000000 | Q:        nan | won: False 
#   58 | steps:   573 | steps_t:     0 | t: 0.456547 | r:  -507.000000 | e:   1.000000 | Q:        nan | won: False 
#   59 | steps:   582 | steps_t:     0 | t: 0.462927 | r:  -508.000000 | e:   1.000000 | Q:        nan | won: False 
#   60 | steps:   590 | steps_t:     0 | t: 0.468997 | r:  -507.000000 | e:   1.000000 | Q:        nan | won: False 
#   61 | steps:   598 | steps_t:     0 | t: 0.475000 | r:  -507.000000 | e:   1.000000 | Q:        nan | won: False 
#   62 | steps:   610 | steps_t:     0 | t: 0.483222 | r:  -511.000000 | e:   1.000000 | Q:        nan | won: False 
#   63 | steps:   620 | steps_t:     0 | t: 0.490203 | r:  -509.000000 | e:   1.000000 | Q:        nan | won: False 
#   64 | steps:   638 | steps_t:     0 | t: 0.506072 | r:  -517.000000 | e:   1.000000 | Q:        nan | won: False 
#   65 | steps:   646 | steps_t:     0 | t: 0.512116 | r:  -507.000000 | e:   1.000000 | Q:        nan | won: False 
#   66 | steps:   656 | steps_t:     0 | t: 0.519453 | r:  -509.000000 | e:   1.000000 | Q:        nan | won: False 
#   67 | steps:   665 | steps_t:     0 | t: 0.525956 | r:  -508.000000 | e:   1.000000 | Q:        nan | won: False 
#   68 | steps:   682 | steps_t:     0 | t: 0.538954 | r:  -516.000000 | e:   1.000000 | Q:        nan | won: False 
#   69 | steps:   690 | steps_t:     0 | t: 0.545095 | r:  -507.000000 | e:   1.000000 | Q:        nan | won: False 
#   70 | steps:   704 | steps_t:     0 | t: 0.555593 | r:  -513.000000 | e:   1.000000 | Q:        nan | won: False 
#   71 | steps:   724 | steps_t:     0 | t: 0.572864 | r:  -519.000000 | e:   1.000000 | Q:        nan | won: False 
#   72 | steps:   731 | steps_t:     0 | t: 0.578215 | r:  -506.000000 | e:   1.000000 | Q:        nan | won: False 
#   73 | steps:   739 | steps_t:     0 | t: 0.584556 | r:  -507.000000 | e:   1.000000 | Q:        nan | won: False 
#   74 | steps:   747 | steps_t:     0 | t: 0.590804 | r:  -507.000000 | e:   1.000000 | Q:        nan | won: False 
#   75 | steps:   756 | steps_t:     0 | t: 0.597799 | r:  -508.000000 | e:   1.000000 | Q:        nan | won: False 
#   76 | steps:   763 | steps_t:     0 | t: 0.603293 | r:  -506.000000 | e:   1.000000 | Q:        nan | won: False 
#   77 | steps:   772 | steps_t:     0 | t: 0.610615 | r:  -508.000000 | e:   1.000000 | Q:        nan | won: False 
#   78 | steps:   780 | steps_t:     0 | t: 0.616410 | r:  -507.000000 | e:   1.000000 | Q:        nan | won: False 
#   79 | steps:   793 | steps_t:     0 | t: 0.630657 | r:  -512.000000 | e:   1.000000 | Q:        nan | won: False 
#   80 | steps:   804 | steps_t:     0 | t: 0.640191 | r:  -510.000000 | e:   1.000000 | Q:        nan | won: False 
#   81 | steps:   814 | steps_t:     0 | t: 0.647936 | r:  -509.000000 | e:   1.000000 | Q:        nan | won: False 
#   82 | steps:   835 | steps_t:     0 | t: 0.663341 | r:  -520.000000 | e:   1.000000 | Q:        nan | won: False 
#   83 | steps:   848 | steps_t:     0 | t: 0.672896 | r:  -512.000000 | e:   1.000000 | Q:        nan | won: False 
#   84 | steps:   856 | steps_t:     0 | t: 0.678847 | r:  -507.000000 | e:   1.000000 | Q:        nan | won: False 
#   85 | steps:   863 | steps_t:     0 | t: 0.683842 | r:  -506.000000 | e:   1.000000 | Q:        nan | won: False 
#   86 | steps:   870 | steps_t:     0 | t: 0.690580 | r:  -506.000000 | e:   1.000000 | Q:        nan | won: False 
#   87 | steps:   878 | steps_t:     0 | t: 0.697899 | r:  -507.000000 | e:   1.000000 | Q:        nan | won: False 
#   88 | steps:   888 | steps_t:     0 | t: 0.705591 | r:  -509.000000 | e:   1.000000 | Q:        nan | won: False 
#   89 | steps:   910 | steps_t:     0 | t: 0.722669 | r:  -521.000000 | e:   1.000000 | Q:        nan | won: False 
#   90 | steps:   918 | steps_t:     0 | t: 0.728735 | r:  -507.000000 | e:   1.000000 | Q:        nan | won: False 
#   91 | steps:   932 | steps_t:     0 | t: 0.738413 | r:  -513.000000 | e:   1.000000 | Q:        nan | won: False 
#   92 | steps:   942 | steps_t:     0 | t: 0.747688 | r:  -509.000000 | e:   1.000000 | Q:        nan | won: False 
#   93 | steps:   959 | steps_t:     0 | t: 0.763249 | r:  -516.000000 | e:   1.000000 | Q:        nan | won: False 
#   94 | steps:   967 | steps_t:     0 | t: 0.769189 | r:  -507.000000 | e:   1.000000 | Q:        nan | won: False 
#   95 | steps:   973 | steps_t:     0 | t: 0.773592 | r:  -505.000000 | e:   1.000000 | Q:        nan | won: False 
#   96 | steps:   982 | steps_t:     0 | t: 0.781888 | r:  -508.000000 | e:   1.000000 | Q:        nan | won: False 
#   97 | steps:   989 | steps_t:     0 | t: 0.787144 | r:  -506.000000 | e:   1.000000 | Q:        nan | won: False 
#   98 | steps:   997 | steps_t:     0 | t: 0.793646 | r:  -507.000000 | e:   1.000000 | Q:        nan | won: False 
#   99 | steps:  1010 | steps_t:     0 | t: 0.810090 | r:  -512.000000 | e:   1.000000 | Q:        nan | won: False 
#  100 | steps:  1028 | steps_t:     0 | t: 0.824680 | r:  -506.000000 | e:   1.000000 | Q:        nan | won: False 
#  101 | steps:  1036 | steps_t:     0 | t: 0.834637 | r:  -507.000000 | e:   1.000000 | Q:        nan | won: False 
#  102 | steps:  1054 | steps_t:     0 | t: 0.852303 | r:  -517.000000 | e:   1.000000 | Q:        nan | won: False 
#  103 | steps:  1071 | steps_t:     0 | t: 0.865500 | r:  -505.000000 | e:   1.000000 | Q:        nan | won: False 
#  104 | steps:  1082 | steps_t:     0 | t: 0.876774 | r:  -510.000000 | e:   1.000000 | Q:        nan | won: False 
#  105 | steps:  1109 | steps_t:     0 | t: 0.897229 | r:  -515.000000 | e:   1.000000 | Q:        nan | won: False 
#  106 | steps:  1122 | steps_t:     0 | t: 0.906676 | r:  -512.000000 | e:   1.000000 | Q:        nan | won: False 
#  107 | steps:  1131 | steps_t:     0 | t: 0.913603 | r:  -508.000000 | e:   1.000000 | Q:        nan | won: False 
#  108 | steps:  1138 | steps_t:     0 | t: 0.918476 | r:  -506.000000 | e:   1.000000 | Q:        nan | won: False 
#  109 | steps:  1147 | steps_t:     0 | t: 0.925111 | r:  -508.000000 | e:   1.000000 | Q:        nan | won: False 
#  110 | steps:  1157 | steps_t:     0 | t: 0.935691 | r:  -509.000000 | e:   1.000000 | Q:        nan | won: False 
#  111 | steps:  1166 | steps_t:     0 | t: 0.942639 | r:  -508.000000 | e:   1.000000 | Q:        nan | won: False 
#  112 | steps:  1173 | steps_t:     0 | t: 0.948962 | r:  -506.000000 | e:   1.000000 | Q:        nan | won: False 
#  113 | steps:  1182 | steps_t:     0 | t: 0.955592 | r:  -508.000000 | e:   1.000000 | Q:        nan | won: False 
#  114 | steps:  1192 | steps_t:     0 | t: 0.964192 | r:  -509.000000 | e:   1.000000 | Q:        nan | won: False 
#  115 | steps:  1202 | steps_t:     0 | t: 0.971157 | r:  -509.000000 | e:   1.000000 | Q:        nan | won: False 
#  116 | steps:  1211 | steps_t:     0 | t: 0.977953 | r:  -508.000000 | e:   1.000000 | Q:        nan | won: False 
#  117 | steps:  1229 | steps_t:     0 | t: 0.993189 | r:  -517.000000 | e:   1.000000 | Q:        nan | won: False 
#  118 | steps:  1247 | steps_t:     0 | t: 1.006878 | r:  -517.000000 | e:   1.000000 | Q:        nan | won: False 
#  119 | steps:  1266 | steps_t:     0 | t: 1.022211 | r:  -507.000000 | e:   1.000000 | Q:        nan | won: False 
#  120 | steps:  1273 | steps_t:     0 | t: 1.028413 | r:  -506.000000 | e:   1.000000 | Q:        nan | won: False 
#  121 | steps:  1282 | steps_t:     0 | t: 1.035431 | r:  -508.000000 | e:   1.000000 | Q:        nan | won: False 
#  122 | steps:  1291 | steps_t:     0 | t: 1.043451 | r:  -508.000000 | e:   1.000000 | Q:        nan | won: False 
#  123 | steps:  1302 | steps_t:     0 | t: 1.058282 | r:  -510.000000 | e:   1.000000 | Q:        nan | won: False 
#  124 | steps:  1318 | steps_t:     0 | t: 1.077101 | r:  -515.000000 | e:   1.000000 | Q:        nan | won: False 
#  125 | steps:  1331 | steps_t:     0 | t: 1.092683 | r:  -512.000000 | e:   1.000000 | Q:        nan | won: False 
#  126 | steps:  1340 | steps_t:     0 | t: 1.104702 | r:  -508.000000 | e:   1.000000 | Q:        nan | won: False 
#  127 | steps:  1350 | steps_t:     0 | t: 1.116569 | r:  -509.000000 | e:   1.000000 | Q:        nan | won: False 
#  128 | steps:  1355 | steps_t:     0 | t: 1.122432 | r:  -504.000000 | e:   1.000000 | Q:        nan | won: False 
#  129 | steps:  1362 | steps_t:     0 | t: 1.129692 | r:  -506.000000 | e:   1.000000 | Q:        nan | won: False 
#  130 | steps:  1368 | steps_t:     0 | t: 1.137115 | r:  -505.000000 | e:   1.000000 | Q:        nan | won: False 
#  131 | steps:  1376 | steps_t:     0 | t: 1.146766 | r:  -507.000000 | e:   1.000000 | Q:        nan | won: False 
#  132 | steps:  1386 | steps_t:     0 | t: 1.158314 | r:  -509.000000 | e:   1.000000 | Q:        nan | won: False 
#  133 | steps:  1396 | steps_t:     0 | t: 1.169653 | r:  -509.000000 | e:   1.000000 | Q:        nan | won: False 
#  134 | steps:  1409 | steps_t:     0 | t: 1.184843 | r:  -512.000000 | e:   1.000000 | Q:        nan | won: False 
#  135 | steps:  1417 | steps_t:     0 | t: 1.194705 | r:  -507.000000 | e:   1.000000 | Q:        nan | won: False 
#  136 | steps:  1430 | steps_t:     0 | t: 1.207373 | r:  -512.000000 | e:   1.000000 | Q:        nan | won: False 
#  137 | steps:  1438 | steps_t:     0 | t: 1.214550 | r:  -507.000000 | e:   1.000000 | Q:        nan | won: False 
#  138 | steps:  1448 | steps_t:     0 | t: 1.221969 | r:  -509.000000 | e:   1.000000 | Q:        nan | won: False 
#  139 | steps:  1468 | steps_t:     0 | t: 1.238588 | r:  -519.000000 | e:   1.000000 | Q:        nan | won: False 
#  140 | steps:  1478 | steps_t:     0 | t: 1.246131 | r:  -509.000000 | e:   1.000000 | Q:        nan | won: False 
#  141 | steps:  1496 | steps_t:     0 | t: 1.260086 | r:  -517.000000 | e:   1.000000 | Q:        nan | won: False 
#  142 | steps:  1515 | steps_t:     0 | t: 1.278573 | r:  -507.000000 | e:   1.000000 | Q:        nan | won: False 
#  143 | steps:  1522 | steps_t:     0 | t: 1.283822 | r:  -506.000000 | e:   1.000000 | Q:        nan | won: False 
#  144 | steps:  1533 | steps_t:     0 | t: 1.292051 | r:  -510.000000 | e:   1.000000 | Q:        nan | won: False 
#  145 | steps:  1543 | steps_t:     0 | t: 1.300451 | r:  -509.000000 | e:   1.000000 | Q:        nan | won: False 
#  146 | steps:  1555 | steps_t:     0 | t: 1.310133 | r:  -511.000000 | e:   1.000000 | Q:        nan | won: False 
#  147 | steps:  1566 | steps_t:     0 | t: 1.318328 | r:  -510.000000 | e:   1.000000 | Q:        nan | won: False 
#  148 | steps:  1575 | steps_t:     0 | t: 1.325003 | r:  -508.000000 | e:   1.000000 | Q:        nan | won: False 
#  149 | steps:  1582 | steps_t:     0 | t: 1.332737 | r:  -506.000000 | e:   1.000000 | Q:        nan | won: False 
