#    1 | steps:     9 | steps_t:     0 | t: 0.104677 | r:  -508.000000 | e:   1.000000 | Q:        nan | won: False 
#    2 | steps:    30 | steps_t:     0 | t: 0.118648 | r:  -520.000000 | e:   1.000000 | Q:        nan | won: False 
#    3 | steps:    52 | steps_t:     0 | t: 0.135277 | r:  -521.000000 | e:   1.000000 | Q:        nan | won: False 
#    4 | steps:    63 | steps_t:     0 | t: 0.144029 | r:  -510.000000 | e:   1.000000 | Q:        nan | won: False 
#    5 | steps:    73 | steps_t:     0 | t: 0.150464 | r:  -509.000000 | e:   1.000000 | Q:        nan | won: False 
#    6 | steps:    79 | steps_t:     0 | t: 0.154452 | r:  -505.000000 | e:   1.000000 | Q:        nan | won: False 
#    7 | steps:    85 | steps_t:     0 | t: 0.158729 | r:  -505.000000 | e:   1.000000 | Q:        nan | won: False 
#    8 | steps:   105 | steps_t:     0 | t: 0.174021 | r:  -519.000000 | e:   1.000000 | Q:        nan | won: False 
#    9 | steps:   113 | steps_t:     0 | t: 0.179486 | r:  -507.000000 | e:   1.000000 | Q:        nan | won: False 
#   10 | steps:   137 | steps_t:     0 | t: 0.193990 | r:  -523.000000 | e:   1.000000 | Q:        nan | won: False 
#   11 | steps:   145 | steps_t:     0 | t: 0.199697 | r:  -507.000000 | e:   1.000000 | Q:        nan | won: False 
#   12 | steps:   154 | steps_t:     0 | t: 0.207430 | r:  -508.000000 | e:   1.000000 | Q:        nan | won: False 
#   13 | steps:   164 | steps_t:     0 | t: 0.214419 | r:  -509.000000 | e:   1.000000 | Q:        nan | won: False 
#   14 | steps:   181 | steps_t:     0 | t: 0.228794 | r:  -516.000000 | e:   1.000000 | Q:        nan | won: False 
#   15 | steps:   197 | steps_t:     0 | t: 0.240493 | r:  -504.000000 | e:   1.000000 | Q:        nan | won: False 
#   16 | steps:   205 | steps_t:     0 | t: 0.245656 | r:  -507.000000 | e:   1.000000 | Q:        nan | won: False 
#   17 | steps:   219 | steps_t:     0 | t: 0.255489 | r:  -513.000000 | e:   1.000000 | Q:        nan | won: False 
#   18 | steps:   238 | steps_t:     0 | t: 0.270146 | r:  -507.000000 | e:   1.000000 | Q:        nan | won: False 
#   19 | steps:   249 | steps_t:     0 | t: 0.278594 | r:  -510.000000 | e:   1.000000 | Q:        nan | won: False 
#   20 | steps:   256 | steps_t:     0 | t: 0.283416 | r:  -506.000000 | e:   1.000000 | Q:        nan | won: False 
#   21 | steps:   264 | steps_t:     0 | t: 0.291187 | r:  -507.000000 | e:   1.000000 | Q:        nan | won: False 
#   22 | steps:   276 | steps_t:     0 | t: 0.301723 | r:  -511.000000 | e:   1.000000 | Q:        nan | won: False 
#   23 | steps:   293 | steps_t:     0 | t: 0.316605 | r:  -516.000000 | e:   1.000000 | Q:        nan | won: False 
#   24 | steps:   300 | steps_t:     0 | t: 0.320766 | r:  -506.000000 | e:   1.000000 | Q:        nan | won: False 
#   25 | steps:   309 | steps_t:     0 | t: 0.326329 | r:  -508.000000 | e:   1.000000 | Q:        nan | won: False 
#   26 | steps:   319 | steps_t:     0 | t: 0.335112 | r:  -509.000000 | e:   1.000000 | Q:        nan | won: False 
#   27 | steps:   336 | steps_t:     0 | t: 0.346749 | r:  -516.000000 | e:   1.000000 | Q:        nan | won: False 
#   28 | steps:   344 | steps_t:     0 | t: 0.352370 | r:  -507.000000 | e:   1.000000 | Q:        nan | won: False 
#   29 | steps:   353 | steps_t:     0 | t: 0.358516 | r:  -508.000000 | e:   1.000000 | Q:        nan | won: False 
#   30 | steps:   361 | steps_t:     0 | t: 0.363823 | r:  -507.000000 | e:   1.000000 | Q:        nan | won: False 
#   31 | steps:   366 | steps_t:     0 | t: 0.367216 | r:  -504.000000 | e:   1.000000 | Q:        nan | won: False 
#   32 | steps:   375 | steps_t:     0 | t: 0.373643 | r:  -508.000000 | e:   1.000000 | Q:        nan | won: False 
#   33 | steps:   384 | steps_t:     0 | t: 0.379548 | r:  -508.000000 | e:   1.000000 | Q:        nan | won: False 
#   34 | steps:   392 | steps_t:     0 | t: 0.384422 | r:  -507.000000 | e:   1.000000 | Q:        nan | won: False 
#   35 | steps:   415 | steps_t:     0 | t: 0.402453 | r:  -522.000000 | e:   1.000000 | Q:        nan | won: False 
#   36 | steps:   424 | steps_t:     0 | t: 0.410067 | r:  -508.000000 | e:   1.000000 | Q:        nan | won: False 
#   37 | steps:   432 | steps_t:     0 | t: 0.415177 | r:  -507.000000 | e:   1.000000 | Q:        nan | won: False 
#   38 | steps:   451 | steps_t:     0 | t: 0.429731 | r:  -496.000000 | e:   1.000000 | Q:        nan | won: False 
#   39 | steps:   460 | steps_t:     0 | t: 0.435782 | r:  -508.000000 | e:   1.000000 | Q:        nan | won: False 
#   40 | steps:   468 | steps_t:     0 | t: 0.441580 | r:  -507.000000 | e:   1.000000 | Q:        nan | won: False 
#   41 | steps:   474 | steps_t:     0 | t: 0.445409 | r:  -505.000000 | e:   1.000000 | Q:        nan | won: False 
#   42 | steps:   498 | steps_t:     0 | t: 0.460309 | r:  -523.000000 | e:   1.000000 | Q:        nan | won: False 
#   43 | steps:   509 | steps_t:     0 | t: 0.470606 | r:  -510.000000 | e:   1.000000 | Q:        nan | won: False 
#   44 | steps:   516 | steps_t:     0 | t: 0.477169 | r:  -506.000000 | e:   1.000000 | Q:        nan | won: False 
#   45 | steps:   524 | steps_t:     0 | t: 0.482241 | r:  -507.000000 | e:   1.000000 | Q:        nan | won: False 
#   46 | steps:   530 | steps_t:     0 | t: 0.486591 | r:  -505.000000 | e:   1.000000 | Q:        nan | won: False 
#   47 | steps:   537 | steps_t:     0 | t: 0.494484 | r:  -506.000000 | e:   1.000000 | Q:        nan | won: False 
#   48 | steps:   546 | steps_t:     0 | t: 0.501783 | r:  -508.000000 | e:   1.000000 | Q:        nan | won: False 
#   49 | steps:   563 | steps_t:     0 | t: 0.513574 | r:  -516.000000 | e:   1.000000 | Q:        nan | won: False 
#   50 | steps:   577 | steps_t:     0 | t: 0.522321 | r:  -513.000000 | e:   1.000000 | Q:        nan | won: False 
#   51 | steps:   607 | steps_t:     0 | t: 0.547189 | r:  -518.000000 | e:   1.000000 | Q:        nan | won: False 
#   52 | steps:   613 | steps_t:     0 | t: 0.551702 | r:  -505.000000 | e:   1.000000 | Q:        nan | won: False 
#   53 | steps:   624 | steps_t:     0 | t: 0.559517 | r:  -510.000000 | e:   1.000000 | Q:        nan | won: False 
#   54 | steps:   632 | steps_t:     0 | t: 0.565516 | r:  -507.000000 | e:   1.000000 | Q:        nan | won: False 
#   55 | steps:   640 | steps_t:     0 | t: 0.571246 | r:  -507.000000 | e:   1.000000 | Q:        nan | won: False 
#   56 | steps:   658 | steps_t:     0 | t: 0.583014 | r:  -517.000000 | e:   1.000000 | Q:        nan | won: False 
#   57 | steps:   675 | steps_t:     0 | t: 0.593651 | r:  -516.000000 | e:   1.000000 | Q:        nan | won: False 
#   58 | steps:   685 | steps_t:     0 | t: 0.600965 | r:  -509.000000 | e:   1.000000 | Q:        nan | won: False 
#   59 | steps:   702 | steps_t:     0 | t: 0.612236 | r:  -516.000000 | e:   1.000000 | Q:        nan | won: False 
#   60 | steps:   712 | steps_t:     0 | t: 0.619694 | r:  -509.000000 | e:   1.000000 | Q:        nan | won: False 
#   61 | steps:   718 | steps_t:     0 | t: 0.623468 | r:  -505.000000 | e:   1.000000 | Q:        nan | won: False 
#   62 | steps:   724 | steps_t:     0 | t: 0.628609 | r:  -505.000000 | e:   1.000000 | Q:        nan | won: False 
#   63 | steps:   730 | steps_t:     0 | t: 0.633288 | r:  -505.000000 | e:   1.000000 | Q:        nan | won: False 
#   64 | steps:   738 | steps_t:     0 | t: 0.639168 | r:  -507.000000 | e:   1.000000 | Q:        nan | won: False 
#   65 | steps:   745 | steps_t:     0 | t: 0.643605 | r:  -506.000000 | e:   1.000000 | Q:        nan | won: False 
#   66 | steps:   751 | steps_t:     0 | t: 0.648097 | r:  -505.000000 | e:   1.000000 | Q:        nan | won: False 
#   67 | steps:   761 | steps_t:     0 | t: 0.655075 | r:  -509.000000 | e:   1.000000 | Q:        nan | won: False 
#   68 | steps:   770 | steps_t:     0 | t: 0.662421 | r:  -508.000000 | e:   1.000000 | Q:        nan | won: False 
#   69 | steps:   791 | steps_t:     0 | t: 0.678462 | r:  -520.000000 | e:   1.000000 | Q:        nan | won: False 
#   70 | steps:   800 | steps_t:     0 | t: 0.684836 | r:  -508.000000 | e:   1.000000 | Q:        nan | won: False 
#   71 | steps:   808 | steps_t:     0 | t: 0.690822 | r:  -507.000000 | e:   1.000000 | Q:        nan | won: False 
#   72 | steps:   831 | steps_t:     0 | t: 0.707747 | r:  -522.000000 | e:   1.000000 | Q:        nan | won: False 
#   73 | steps:   851 | steps_t:     0 | t: 0.720461 | r:  -508.000000 | e:   1.000000 | Q:        nan | won: False 
#   74 | steps:   865 | steps_t:     0 | t: 0.729755 | r:  -513.000000 | e:   1.000000 | Q:        nan | won: False 
#   75 | steps:   874 | steps_t:     0 | t: 0.737685 | r:  -508.000000 | e:   1.000000 | Q:        nan | won: False 
#   76 | steps:   889 | steps_t:     0 | t: 0.747414 | r:  -514.000000 | e:   1.000000 | Q:        nan | won: False 
#   77 | steps:   899 | steps_t:     0 | t: 0.754830 | r:  -509.000000 | e:   1.000000 | Q:        nan | won: False 
#   78 | steps:   921 | steps_t:     0 | t: 0.771718 | r:  -521.000000 | e:   1.000000 | Q:        nan | won: False 
#   79 | steps:   928 | steps_t:     0 | t: 0.777164 | r:  -506.000000 | e:   1.000000 | Q:        nan | won: False 
#   80 | steps:   940 | steps_t:     0 | t: 0.784989 | r:  -511.000000 | e:   1.000000 | Q:        nan | won: False 
#   81 | steps:   950 | steps_t:     0 | t: 0.791317 | r:  -509.000000 | e:   1.000000 | Q:        nan | won: False 
#   82 | steps:   960 | steps_t:     0 | t: 0.799881 | r:  -509.000000 | e:   1.000000 | Q:        nan | won: False 
#   83 | steps:   972 | steps_t:     0 | t: 0.808707 | r:  -511.000000 | e:   1.000000 | Q:        nan | won: False 
#   84 | steps:   984 | steps_t:     0 | t: 0.816792 | r:  -511.000000 | e:   1.000000 | Q:        nan | won: False 
#   85 | steps:   993 | steps_t:     0 | t: 0.824605 | r:  -508.000000 | e:   1.000000 | Q:        nan | won: False 
#   86 | steps:   999 | steps_t:     0 | t: 0.829284 | r:  -505.000000 | e:   1.000000 | Q:        nan | won: False 
#   87 | steps:  1006 | steps_t:     0 | t: 0.834795 | r:  -506.000000 | e:   1.000000 | Q:        nan | won: False 
#   88 | steps:  1014 | steps_t:     0 | t: 0.841695 | r:  -507.000000 | e:   1.000000 | Q:        nan | won: False 
#   89 | steps:  1034 | steps_t:     0 | t: 0.854623 | r:  -519.000000 | e:   1.000000 | Q:        nan | won: False 
#   90 | steps:  1088 | steps_t:     0 | t: 0.897220 | r:  -542.000000 | e:   1.000000 | Q:        nan | won: False 
#   91 | steps:  1094 | steps_t:     0 | t: 0.900986 | r:  -505.000000 | e:   1.000000 | Q:        nan | won: False 
#   92 | steps:  1102 | steps_t:     0 | t: 0.905732 | r:  -507.000000 | e:   1.000000 | Q:        nan | won: False 
#   93 | steps:  1110 | steps_t:     0 | t: 0.911699 | r:  -507.000000 | e:   1.000000 | Q:        nan | won: False 
#   94 | steps:  1122 | steps_t:     0 | t: 0.921005 | r:  -511.000000 | e:   1.000000 | Q:        nan | won: False 
#   95 | steps:  1129 | steps_t:     0 | t: 0.926313 | r:  -506.000000 | e:   1.000000 | Q:        nan | won: False 
#   96 | steps:  1139 | steps_t:     0 | t: 0.935628 | r:  -509.000000 | e:   1.000000 | Q:        nan | won: False 
#   97 | steps:  1148 | steps_t:     0 | t: 0.941761 | r:  -508.000000 | e:   1.000000 | Q:        nan | won: False 
#   98 | steps:  1156 | steps_t:     0 | t: 0.946571 | r:  -507.000000 | e:   1.000000 | Q:        nan | won: False 
#   99 | steps:  1162 | steps_t:     0 | t: 0.950635 | r:  -505.000000 | e:   1.000000 | Q:        nan | won: False 
#  100 | steps:  1170 | steps_t:     0 | t: 0.958384 | r:  -507.000000 | e:   1.000000 | Q:        nan | won: False 
#  101 | steps:  1183 | steps_t:     0 | t: 0.969657 | r:  -512.000000 | e:   1.000000 | Q:        nan | won: False 
#  102 | steps:  1195 | steps_t:     0 | t: 0.981297 | r:  -511.000000 | e:   1.000000 | Q:        nan | won: False 
#  103 | steps:  1201 | steps_t:     0 | t: 0.985039 | r:  -505.000000 | e:   1.000000 | Q:        nan | won: False 
#  104 | steps:  1210 | steps_t:     0 | t: 0.990703 | r:  -508.000000 | e:   1.000000 | Q:        nan | won: False 
#  105 | steps:  1229 | steps_t:     0 | t: 1.007213 | r:  -518.000000 | e:   1.000000 | Q:        nan | won: False 
#  106 | steps:  1239 | steps_t:     0 | t: 1.014333 | r:  -509.000000 | e:   1.000000 | Q:        nan | won: False 
#  107 | steps:  1246 | steps_t:     0 | t: 1.020709 | r:  -506.000000 | e:   1.000000 | Q:        nan | won: False 
#  108 | steps:  1253 | steps_t:     0 | t: 1.026633 | r:  -506.000000 | e:   1.000000 | Q:        nan | won: False 
#  109 | steps:  1279 | steps_t:     0 | t: 1.047128 | r:  -525.000000 | e:   1.000000 | Q:        nan | won: False 
#  110 | steps:  1299 | steps_t:     0 | t: 1.065801 | r:  -519.000000 | e:   1.000000 | Q:        nan | won: False 
#  111 | steps:  1308 | steps_t:     0 | t: 1.074489 | r:  -508.000000 | e:   1.000000 | Q:        nan | won: False 
#  112 | steps:  1318 | steps_t:     0 | t: 1.081295 | r:  -509.000000 | e:   1.000000 | Q:        nan | won: False 
#  113 | steps:  1329 | steps_t:     0 | t: 1.090246 | r:  -510.000000 | e:   1.000000 | Q:        nan | won: False 
#  114 | steps:  1346 | steps_t:     0 | t: 1.103484 | r:  -516.000000 | e:   1.000000 | Q:        nan | won: False 
#  115 | steps:  1353 | steps_t:     0 | t: 1.109741 | r:  -506.000000 | e:   1.000000 | Q:        nan | won: False 
#  116 | steps:  1363 | steps_t:     0 | t: 1.119428 | r:  -509.000000 | e:   1.000000 | Q:        nan | won: False 
#  117 | steps:  1373 | steps_t:     0 | t: 1.126153 | r:  -509.000000 | e:   1.000000 | Q:        nan | won: False 
#  118 | steps:  1382 | steps_t:     0 | t: 1.133366 | r:  -508.000000 | e:   1.000000 | Q:        nan | won: False 
#  119 | steps:  1391 | steps_t:     0 | t: 1.141098 | r:  -508.000000 | e:   1.000000 | Q:        nan | won: False 
#  120 | steps:  1401 | steps_t:     0 | t: 1.147768 | r:  -509.000000 | e:   1.000000 | Q:        nan | won: False 
#  121 | steps:  1415 | steps_t:     0 | t: 1.160171 | r:  -513.000000 | e:   1.000000 | Q:        nan | won: False 
#  122 | steps:  1423 | steps_t:     0 | t: 1.166399 | r:  -507.000000 | e:   1.000000 | Q:        nan | won: False 
#  123 | steps:  1442 | steps_t:     0 | t: 1.179883 | r:  -518.000000 | e:   1.000000 | Q:        nan | won: False 
#  124 | steps:  1451 | steps_t:     0 | t: 1.185766 | r:  -508.000000 | e:   1.000000 | Q:        nan | won: False 
#  125 | steps:  1468 | steps_t:     0 | t: 1.197075 | r:  -516.000000 | e:   1.000000 | Q:        nan | won: False 
#  126 | steps:  1478 | steps_t:     0 | t: 1.204709 | r:  -509.000000 | e:   1.000000 | Q:        nan | won: False 
#  127 | steps:  1483 | steps_t:     0 | t: 1.208287 | r:  -504.000000 | e:   1.000000 | Q:        nan | won: False 
#  128 | steps:  1491 | steps_t:     0 | t: 1.213481 | r:  -507.000000 | e:   1.000000 | Q:        nan | won: False 
#  129 | steps:  1500 | steps_t:     0 | t: 1.221718 | r:  -508.000000 | e:   1.000000 | Q:        nan | won: False 
#  130 | steps:  1519 | steps_t:     0 | t: 1.236760 | r:  -518.000000 | e:   1.000000 | Q:        nan | won: False 
#  131 | steps:  1528 | steps_t:     0 | t: 1.243031 | r:  -508.000000 | e:   1.000000 | Q:        nan | won: False 
#  132 | steps:  1537 | steps_t:     0 | t: 1.249017 | r:  -508.000000 | e:   1.000000 | Q:        nan | won: False 
#  133 | steps:  1547 | steps_t:     0 | t: 1.256276 | r:  -509.000000 | e:   1.000000 | Q:        nan | won: False 
#  134 | steps:  1569 | steps_t:     0 | t: 1.276783 | r:  -521.000000 | e:   1.000000 | Q:        nan | won: False 
#  135 | steps:  1582 | steps_t:     0 | t: 1.285769 | r:  -512.000000 | e:   1.000000 | Q:        nan | won: False 
#  136 | steps:  1592 | steps_t:     0 | t: 1.296884 | r:  -509.000000 | e:   1.000000 | Q:        nan | won: False 
#  137 | steps:  1600 | steps_t:     0 | t: 1.303215 | r:  -507.000000 | e:   1.000000 | Q:        nan | won: False 
#  138 | steps:  1607 | steps_t:     0 | t: 1.308815 | r:  -506.000000 | e:   1.000000 | Q:        nan | won: False 
#  139 | steps:  1613 | steps_t:     0 | t: 1.313019 | r:  -505.000000 | e:   1.000000 | Q:        nan | won: False 
#  140 | steps:  1622 | steps_t:     0 | t: 1.318466 | r:  -508.000000 | e:   1.000000 | Q:        nan | won: False 
#  141 | steps:  1633 | steps_t:     0 | t: 1.325144 | r:  -510.000000 | e:   1.000000 | Q:        nan | won: False 
#  142 | steps:  1643 | steps_t:     0 | t: 1.334162 | r:  -509.000000 | e:   1.000000 | Q:        nan | won: False 
#  143 | steps:  1654 | steps_t:     0 | t: 1.342197 | r:  -510.000000 | e:   1.000000 | Q:        nan | won: False 
#  144 | steps:  1669 | steps_t:     0 | t: 1.353935 | r:  -514.000000 | e:   1.000000 | Q:        nan | won: False 
#  145 | steps:  1695 | steps_t:     0 | t: 1.374007 | r:  -525.000000 | e:   1.000000 | Q:        nan | won: False 
#  146 | steps:  1703 | steps_t:     0 | t: 1.379521 | r:  -507.000000 | e:   1.000000 | Q:        nan | won: False 
#  147 | steps:  1712 | steps_t:     0 | t: 1.385386 | r:  -508.000000 | e:   1.000000 | Q:        nan | won: False 
#  148 | steps:  1720 | steps_t:     0 | t: 1.390488 | r:  -507.000000 | e:   1.000000 | Q:        nan | won: False 
#  149 | steps:  1729 | steps_t:     0 | t: 1.397686 | r:  -508.000000 | e:   1.000000 | Q:        nan | won: False 
#  150 | steps:  1741 | steps_t:     0 | t: 1.407469 | r:  -511.000000 | e:   1.000000 | Q:        nan | won: False 
#  151 | steps:  1752 | steps_t:     0 | t: 1.414464 | r:  -510.000000 | e:   1.000000 | Q:        nan | won: False 
#  152 | steps:  1760 | steps_t:     0 | t: 1.421412 | r:  -507.000000 | e:   1.000000 | Q:        nan | won: False 
#  153 | steps:  1768 | steps_t:     0 | t: 1.427339 | r:  -507.000000 | e:   1.000000 | Q:        nan | won: False 
#  154 | steps:  1780 | steps_t:     0 | t: 1.435863 | r:  -511.000000 | e:   1.000000 | Q:        nan | won: False 
#  155 | steps:  1795 | steps_t:     0 | t: 1.446468 | r:  -514.000000 | e:   1.000000 | Q:        nan | won: False 
#  156 | steps:  1803 | steps_t:     0 | t: 1.451714 | r:  -507.000000 | e:   1.000000 | Q:        nan | won: False 
#  157 | steps:  1812 | steps_t:     0 | t: 1.457177 | r:  -508.000000 | e:   1.000000 | Q:        nan | won: False 
#  158 | steps:  1825 | steps_t:     0 | t: 1.467664 | r:  -512.000000 | e:   1.000000 | Q:        nan | won: False 
#  159 | steps:  1850 | steps_t:     0 | t: 1.484210 | r:  -524.000000 | e:   1.000000 | Q:        nan | won: False 
#  160 | steps:  1856 | steps_t:     0 | t: 1.490127 | r:  -505.000000 | e:   1.000000 | Q:        nan | won: False 
#  161 | steps:  1866 | steps_t:     0 | t: 1.499856 | r:  -509.000000 | e:   1.000000 | Q:        nan | won: False 
#  162 | steps:  1872 | steps_t:     0 | t: 1.505097 | r:  -505.000000 | e:   1.000000 | Q:        nan | won: False 
#  163 | steps:  1881 | steps_t:     0 | t: 1.513800 | r:  -508.000000 | e:   1.000000 | Q:        nan | won: False 
#  164 | steps:  1899 | steps_t:     0 | t: 1.525142 | r:  -517.000000 | e:   1.000000 | Q:        nan | won: False 
#  165 | steps:  1907 | steps_t:     0 | t: 1.532026 | r:  -507.000000 | e:   1.000000 | Q:        nan | won: False 
#  166 | steps:  1917 | steps_t:     0 | t: 1.540103 | r:  -509.000000 | e:   1.000000 | Q:        nan | won: False 
#  167 | steps:  1961 | steps_t:     0 | t: 1.576372 | r:  -532.000000 | e:   1.000000 | Q:        nan | won: False 
#  168 | steps:  1968 | steps_t:     0 | t: 1.582435 | r:  -506.000000 | e:   1.000000 | Q:        nan | won: False 
#  169 | steps:  1977 | steps_t:     0 | t: 1.587856 | r:  -508.000000 | e:   1.000000 | Q:        nan | won: False 
#  170 | steps:  1986 | steps_t:     0 | t: 1.593562 | r:  -508.000000 | e:   1.000000 | Q:        nan | won: False 
#  171 | steps:  1995 | steps_t:     0 | t: 1.601329 | r:  -508.000000 | e:   1.000000 | Q:        nan | won: False 
#  172 | steps:  2006 | steps_t:     0 | t: 1.609024 | r:  -510.000000 | e:   1.000000 | Q:        nan | won: False 
#  173 | steps:  2012 | steps_t:     0 | t: 1.612823 | r:  -505.000000 | e:   1.000000 | Q:        nan | won: False 
#  174 | steps:  2018 | steps_t:     0 | t: 1.616932 | r:  -505.000000 | e:   1.000000 | Q:        nan | won: False 
#  175 | steps:  2030 | steps_t:     0 | t: 1.624609 | r:  -511.000000 | e:   1.000000 | Q:        nan | won: False 
#  176 | steps:  2040 | steps_t:     0 | t: 1.633250 | r:  -509.000000 | e:   1.000000 | Q:        nan | won: False 
#  177 | steps:  2050 | steps_t:     0 | t: 1.640535 | r:  -509.000000 | e:   1.000000 | Q:        nan | won: False 
#  178 | steps:  2056 | steps_t:     0 | t: 1.644483 | r:  -505.000000 | e:   1.000000 | Q:        nan | won: False 
#  179 | steps:  2078 | steps_t:     0 | t: 1.660464 | r:  -521.000000 | e:   1.000000 | Q:        nan | won: False 
#  180 | steps:  2100 | steps_t:     0 | t: 1.676249 | r:  -521.000000 | e:   1.000000 | Q:        nan | won: False 
#  181 | steps:  2107 | steps_t:     0 | t: 1.680666 | r:  -506.000000 | e:   1.000000 | Q:        nan | won: False 
#  182 | steps:  2114 | steps_t:     0 | t: 1.685708 | r:  -506.000000 | e:   1.000000 | Q:        nan | won: False 
#  183 | steps:  2134 | steps_t:     0 | t: 1.700868 | r:  -508.000000 | e:   1.000000 | Q:        nan | won: False 
#  184 | steps:  2142 | steps_t:     0 | t: 1.706576 | r:  -507.000000 | e:   1.000000 | Q:        nan | won: False 
#  185 | steps:  2155 | steps_t:     0 | t: 1.715341 | r:  -512.000000 | e:   1.000000 | Q:        nan | won: False 
#  186 | steps:  2165 | steps_t:     0 | t: 1.721562 | r:  -509.000000 | e:   1.000000 | Q:        nan | won: False 
#  187 | steps:  2177 | steps_t:     0 | t: 1.729641 | r:  -511.000000 | e:   1.000000 | Q:        nan | won: False 
#  188 | steps:  2187 | steps_t:     0 | t: 1.737234 | r:  -509.000000 | e:   1.000000 | Q:        nan | won: False 
#  189 | steps:  2193 | steps_t:     0 | t: 1.741353 | r:  -505.000000 | e:   1.000000 | Q:        nan | won: False 
#  190 | steps:  2199 | steps_t:     0 | t: 1.745099 | r:  -505.000000 | e:   1.000000 | Q:        nan | won: False 
#  191 | steps:  2208 | steps_t:     0 | t: 1.751172 | r:  -508.000000 | e:   1.000000 | Q:        nan | won: False 
#  192 | steps:  2214 | steps_t:     0 | t: 1.755700 | r:  -505.000000 | e:   1.000000 | Q:        nan | won: False 
#  193 | steps:  2226 | steps_t:     0 | t: 1.764844 | r:  -511.000000 | e:   1.000000 | Q:        nan | won: False 
#  194 | steps:  2234 | steps_t:     0 | t: 1.770855 | r:  -507.000000 | e:   1.000000 | Q:        nan | won: False 
#  195 | steps:  2244 | steps_t:     0 | t: 1.777730 | r:  -509.000000 | e:   1.000000 | Q:        nan | won: False 
#  196 | steps:  2255 | steps_t:     0 | t: 1.784745 | r:  -510.000000 | e:   1.000000 | Q:        nan | won: False 
#  197 | steps:  2276 | steps_t:     0 | t: 1.799831 | r:  -520.000000 | e:   1.000000 | Q:        nan | won: False 
#  198 | steps:  2296 | steps_t:     0 | t: 1.813939 | r:  -519.000000 | e:   1.000000 | Q:        nan | won: False 
#  199 | steps:  2304 | steps_t:     0 | t: 1.820637 | r:  -507.000000 | e:   1.000000 | Q:        nan | won: False 
#  200 | steps:  2317 | steps_t:     0 | t: 1.830980 | r:  -512.000000 | e:   1.000000 | Q:        nan | won: False 
#  201 | steps:  2328 | steps_t:     0 | t: 1.840059 | r:  -510.000000 | e:   1.000000 | Q:        nan | won: False 
#  202 | steps:  2338 | steps_t:     0 | t: 1.846980 | r:  -509.000000 | e:   1.000000 | Q:        nan | won: False 
#  203 | steps:  2347 | steps_t:     0 | t: 1.852536 | r:  -508.000000 | e:   1.000000 | Q:        nan | won: False 
#  204 | steps:  2365 | steps_t:     0 | t: 1.864926 | r:  -506.000000 | e:   1.000000 | Q:        nan | won: False 
#  205 | steps:  2383 | steps_t:     0 | t: 1.881584 | r:  -517.000000 | e:   1.000000 | Q:        nan | won: False 
#  206 | steps:  2395 | steps_t:     0 | t: 1.891886 | r:  -511.000000 | e:   1.000000 | Q:        nan | won: False 
#  207 | steps:  2409 | steps_t:     0 | t: 1.902335 | r:  -502.000000 | e:   1.000000 | Q:        nan | won: False 
#  208 | steps:  2417 | steps_t:     0 | t: 1.908965 | r:  -507.000000 | e:   1.000000 | Q:        nan | won: False 
#  209 | steps:  2436 | steps_t:     0 | t: 1.921361 | r:  -518.000000 | e:   1.000000 | Q:        nan | won: False 
#  210 | steps:  2453 | steps_t:     0 | t: 1.934628 | r:  -516.000000 | e:   1.000000 | Q:        nan | won: False 
#  211 | steps:  2462 | steps_t:     0 | t: 1.941014 | r:  -508.000000 | e:   1.000000 | Q:        nan | won: False 
#  212 | steps:  2470 | steps_t:     0 | t: 1.946047 | r:  -507.000000 | e:   1.000000 | Q:        nan | won: False 
#  213 | steps:  2487 | steps_t:     0 | t: 1.959235 | r:  -516.000000 | e:   1.000000 | Q:        nan | won: False 
#  214 | steps:  2499 | steps_t:     0 | t: 1.967254 | r:  -511.000000 | e:   1.000000 | Q:        nan | won: False 
#  215 | steps:  2511 | steps_t:     0 | t: 1.977264 | r:  -511.000000 | e:   1.000000 | Q:        nan | won: False 
#  216 | steps:  2521 | steps_t:     0 | t: 1.983638 | r:  -509.000000 | e:   1.000000 | Q:        nan | won: False 
#  217 | steps:  2529 | steps_t:     0 | t: 1.988398 | r:  -507.000000 | e:   1.000000 | Q:        nan | won: False 
#  218 | steps:  2537 | steps_t:     0 | t: 1.993799 | r:  -507.000000 | e:   1.000000 | Q:        nan | won: False 
#  219 | steps:  2545 | steps_t:     0 | t: 2.001340 | r:  -507.000000 | e:   1.000000 | Q:        nan | won: False 
#  220 | steps:  2553 | steps_t:     0 | t: 2.006946 | r:  -507.000000 | e:   1.000000 | Q:        nan | won: False 
#  221 | steps:  2563 | steps_t:     0 | t: 2.013442 | r:  -509.000000 | e:   1.000000 | Q:        nan | won: False 
#  222 | steps:  2577 | steps_t:     0 | t: 2.024134 | r:  -513.000000 | e:   1.000000 | Q:        nan | won: False 
#  223 | steps:  2587 | steps_t:     0 | t: 2.031952 | r:  -509.000000 | e:   1.000000 | Q:        nan | won: False 
#  224 | steps:  2595 | steps_t:     0 | t: 2.039063 | r:  -507.000000 | e:   1.000000 | Q:        nan | won: False 
#  225 | steps:  2602 | steps_t:     0 | t: 2.044044 | r:  -506.000000 | e:   1.000000 | Q:        nan | won: False 
#  226 | steps:  2611 | steps_t:     0 | t: 2.049851 | r:  -508.000000 | e:   1.000000 | Q:        nan | won: False 
#  227 | steps:  2623 | steps_t:     0 | t: 2.057331 | r:  -511.000000 | e:   1.000000 | Q:        nan | won: False 
#  228 | steps:  2628 | steps_t:     0 | t: 2.060612 | r:  -504.000000 | e:   1.000000 | Q:        nan | won: False 
#  229 | steps:  2634 | steps_t:     0 | t: 2.064938 | r:  -505.000000 | e:   1.000000 | Q:        nan | won: False 
#  230 | steps:  2660 | steps_t:     0 | t: 2.084451 | r:  -514.000000 | e:   1.000000 | Q:        nan | won: False 
#  231 | steps:  2677 | steps_t:     0 | t: 2.096885 | r:  -516.000000 | e:   1.000000 | Q:        nan | won: False 
#  232 | steps:  2688 | steps_t:     0 | t: 2.105905 | r:  -510.000000 | e:   1.000000 | Q:        nan | won: False 
#  233 | steps:  2696 | steps_t:     0 | t: 2.111322 | r:  -507.000000 | e:   1.000000 | Q:        nan | won: False 
#  234 | steps:  2704 | steps_t:     0 | t: 2.117105 | r:  -507.000000 | e:   1.000000 | Q:        nan | won: False 
#  235 | steps:  2710 | steps_t:     0 | t: 2.120877 | r:  -505.000000 | e:   1.000000 | Q:        nan | won: False 
#  236 | steps:  2717 | steps_t:     0 | t: 2.124992 | r:  -506.000000 | e:   1.000000 | Q:        nan | won: False 
#  237 | steps:  2729 | steps_t:     0 | t: 2.135122 | r:  -511.000000 | e:   1.000000 | Q:        nan | won: False 
#  238 | steps:  2742 | steps_t:     0 | t: 2.145922 | r:  -512.000000 | e:   1.000000 | Q:        nan | won: False 
#  239 | steps:  2753 | steps_t:     0 | t: 2.154174 | r:  -510.000000 | e:   1.000000 | Q:        nan | won: False 
#  240 | steps:  2774 | steps_t:     0 | t: 2.174570 | r:  -520.000000 | e:   1.000000 | Q:        nan | won: False 
#  241 | steps:  2790 | steps_t:     0 | t: 2.187002 | r:  -515.000000 | e:   1.000000 | Q:        nan | won: False 
#  242 | steps:  2796 | steps_t:     0 | t: 2.190525 | r:  -505.000000 | e:   1.000000 | Q:        nan | won: False 
#  243 | steps:  2805 | steps_t:     0 | t: 2.196683 | r:  -508.000000 | e:   1.000000 | Q:        nan | won: False 
#  244 | steps:  2817 | steps_t:     0 | t: 2.208659 | r:  -511.000000 | e:   1.000000 | Q:        nan | won: False 
#  245 | steps:  2828 | steps_t:     0 | t: 2.216923 | r:  -510.000000 | e:   1.000000 | Q:        nan | won: False 
#  246 | steps:  2841 | steps_t:     0 | t: 2.231605 | r:  -512.000000 | e:   1.000000 | Q:        nan | won: False 
#  247 | steps:  2863 | steps_t:     0 | t: 2.258311 | r:  -521.000000 | e:   1.000000 | Q:        nan | won: False 
#  248 | steps:  2870 | steps_t:     0 | t: 2.265785 | r:  -506.000000 | e:   1.000000 | Q:        nan | won: False 
#  249 | steps:  2876 | steps_t:     0 | t: 2.270865 | r:  -505.000000 | e:   1.000000 | Q:        nan | won: False 
#  250 | steps:  2886 | steps_t:     0 | t: 2.277413 | r:  -509.000000 | e:   1.000000 | Q:        nan | won: False 
#  251 | steps:  2893 | steps_t:     0 | t: 2.281847 | r:  -506.000000 | e:   1.000000 | Q:        nan | won: False 
#  252 | steps:  2899 | steps_t:     0 | t: 2.285449 | r:  -505.000000 | e:   1.000000 | Q:        nan | won: False 
#  253 | steps:  2907 | steps_t:     0 | t: 2.290180 | r:  -507.000000 | e:   1.000000 | Q:        nan | won: False 
#  254 | steps:  2916 | steps_t:     0 | t: 2.296467 | r:  -508.000000 | e:   1.000000 | Q:        nan | won: False 
#  255 | steps:  2925 | steps_t:     0 | t: 2.303359 | r:  -508.000000 | e:   1.000000 | Q:        nan | won: False 
#  256 | steps:  2934 | steps_t:     0 | t: 2.309359 | r:  -508.000000 | e:   1.000000 | Q:        nan | won: False 
#  257 | steps:  2943 | steps_t:     0 | t: 2.314662 | r:  -508.000000 | e:   1.000000 | Q:        nan | won: False 
#  258 | steps:  2953 | steps_t:     0 | t: 2.321124 | r:  -509.000000 | e:   1.000000 | Q:        nan | won: False 
#  259 | steps:  2960 | steps_t:     0 | t: 2.325534 | r:  -506.000000 | e:   1.000000 | Q:        nan | won: False 
#  260 | steps:  2968 | steps_t:     0 | t: 2.331572 | r:  -507.000000 | e:   1.000000 | Q:        nan | won: False 
#  261 | steps:  2979 | steps_t:     0 | t: 2.340035 | r:  -510.000000 | e:   1.000000 | Q:        nan | won: False 
#  262 | steps:  2989 | steps_t:     0 | t: 2.346328 | r:  -509.000000 | e:   1.000000 | Q:        nan | won: False 
#  263 | steps:  2998 | steps_t:     0 | t: 2.351936 | r:  -508.000000 | e:   1.000000 | Q:        nan | won: False 
#  264 | steps:  3004 | steps_t:     0 | t: 2.355752 | r:  -505.000000 | e:   1.000000 | Q:        nan | won: False 
#  265 | steps:  3011 | steps_t:     0 | t: 2.360736 | r:  -506.000000 | e:   1.000000 | Q:        nan | won: False 
#  266 | steps:  3028 | steps_t:     0 | t: 2.372492 | r:  -516.000000 | e:   1.000000 | Q:        nan | won: False 
#  267 | steps:  3034 | steps_t:     0 | t: 2.376306 | r:  -505.000000 | e:   1.000000 | Q:        nan | won: False 
#  268 | steps:  3048 | steps_t:     0 | t: 2.385250 | r:  -513.000000 | e:   1.000000 | Q:        nan | won: False 
#  269 | steps:  3056 | steps_t:     0 | t: 2.390122 | r:  -507.000000 | e:   1.000000 | Q:        nan | won: False 
#  270 | steps:  3067 | steps_t:     0 | t: 2.398131 | r:  -510.000000 | e:   1.000000 | Q:        nan | won: False 
#  271 | steps:  3075 | steps_t:     0 | t: 2.404262 | r:  -507.000000 | e:   1.000000 | Q:        nan | won: False 
#  272 | steps:  3082 | steps_t:     0 | t: 2.408750 | r:  -506.000000 | e:   1.000000 | Q:        nan | won: False 
#  273 | steps:  3091 | steps_t:     0 | t: 2.414330 | r:  -508.000000 | e:   1.000000 | Q:        nan | won: False 
#  274 | steps:  3104 | steps_t:     0 | t: 2.423387 | r:  -512.000000 | e:   1.000000 | Q:        nan | won: False 
#  275 | steps:  3110 | steps_t:     0 | t: 2.429298 | r:  -505.000000 | e:   1.000000 | Q:        nan | won: False 
#  276 | steps:  3117 | steps_t:     0 | t: 2.434563 | r:  -506.000000 | e:   1.000000 | Q:        nan | won: False 
#  277 | steps:  3127 | steps_t:     0 | t: 2.441337 | r:  -509.000000 | e:   1.000000 | Q:        nan | won: False 
#  278 | steps:  3139 | steps_t:     0 | t: 2.448794 | r:  -511.000000 | e:   1.000000 | Q:        nan | won: False 
#  279 | steps:  3145 | steps_t:     0 | t: 2.452605 | r:  -505.000000 | e:   1.000000 | Q:        nan | won: False 
#  280 | steps:  3153 | steps_t:     0 | t: 2.458682 | r:  -507.000000 | e:   1.000000 | Q:        nan | won: False 
#  281 | steps:  3161 | steps_t:     0 | t: 2.464541 | r:  -507.000000 | e:   1.000000 | Q:        nan | won: False 
#  282 | steps:  3167 | steps_t:     0 | t: 2.469581 | r:  -505.000000 | e:   1.000000 | Q:        nan | won: False 
#  283 | steps:  3174 | steps_t:     0 | t: 2.474138 | r:  -506.000000 | e:   1.000000 | Q:        nan | won: False 
#  284 | steps:  3186 | steps_t:     0 | t: 2.481627 | r:  -511.000000 | e:   1.000000 | Q:        nan | won: False 
#  285 | steps:  3204 | steps_t:     0 | t: 2.498567 | r:  -495.000000 | e:   1.000000 | Q:        nan | won: False 
#  286 | steps:  3213 | steps_t:     0 | t: 2.504946 | r:  -508.000000 | e:   1.000000 | Q:        nan | won: False 
#  287 | steps:  3224 | steps_t:     0 | t: 2.512575 | r:  -510.000000 | e:   1.000000 | Q:        nan | won: False 
#  288 | steps:  3233 | steps_t:     0 | t: 2.518351 | r:  -508.000000 | e:   1.000000 | Q:        nan | won: False 
#  289 | steps:  3249 | steps_t:     0 | t: 2.528133 | r:  -515.000000 | e:   1.000000 | Q:        nan | won: False 
#  290 | steps:  3256 | steps_t:     0 | t: 2.535018 | r:  -506.000000 | e:   1.000000 | Q:        nan | won: False 
#  291 | steps:  3276 | steps_t:     0 | t: 2.548487 | r:  -519.000000 | e:   1.000000 | Q:        nan | won: False 
#  292 | steps:  3287 | steps_t:     0 | t: 2.558425 | r:  -510.000000 | e:   1.000000 | Q:        nan | won: False 
#  293 | steps:  3296 | steps_t:     0 | t: 2.566548 | r:  -508.000000 | e:   1.000000 | Q:        nan | won: False 
#  294 | steps:  3305 | steps_t:     0 | t: 2.575328 | r:  -508.000000 | e:   1.000000 | Q:        nan | won: False 
#  295 | steps:  3312 | steps_t:     0 | t: 2.581224 | r:  -506.000000 | e:   1.000000 | Q:        nan | won: False 
#  296 | steps:  3318 | steps_t:     0 | t: 2.585065 | r:  -505.000000 | e:   1.000000 | Q:        nan | won: False 
#  297 | steps:  3327 | steps_t:     0 | t: 2.590414 | r:  -508.000000 | e:   1.000000 | Q:        nan | won: False 
#  298 | steps:  3336 | steps_t:     0 | t: 2.597180 | r:  -508.000000 | e:   1.000000 | Q:        nan | won: False 
#  299 | steps:  3344 | steps_t:     0 | t: 2.604242 | r:  -507.000000 | e:   1.000000 | Q:        nan | won: False 
#  300 | steps:  3360 | steps_t:     0 | t: 2.614434 | r:  -515.000000 | e:   1.000000 | Q:        nan | won: False 
#  301 | steps:  3368 | steps_t:     0 | t: 2.620524 | r:  -507.000000 | e:   1.000000 | Q:        nan | won: False 
#  302 | steps:  3374 | steps_t:     0 | t: 2.624776 | r:  -505.000000 | e:   1.000000 | Q:        nan | won: False 
#  303 | steps:  3390 | steps_t:     0 | t: 2.636667 | r:  -515.000000 | e:   1.000000 | Q:        nan | won: False 
#  304 | steps:  3423 | steps_t:     0 | t: 2.657872 | r:  -532.000000 | e:   1.000000 | Q:        nan | won: False 
#  305 | steps:  3431 | steps_t:     0 | t: 2.663896 | r:  -507.000000 | e:   1.000000 | Q:        nan | won: False 
#  306 | steps:  3442 | steps_t:     0 | t: 2.674101 | r:  -510.000000 | e:   1.000000 | Q:        nan | won: False 
#  307 | steps:  3449 | steps_t:     0 | t: 2.678607 | r:  -506.000000 | e:   1.000000 | Q:        nan | won: False 
#  308 | steps:  3458 | steps_t:     0 | t: 2.684732 | r:  -508.000000 | e:   1.000000 | Q:        nan | won: False 
#  309 | steps:  3479 | steps_t:     0 | t: 2.705068 | r:  -520.000000 | e:   1.000000 | Q:        nan | won: False 
#  310 | steps:  3490 | steps_t:     0 | t: 2.712760 | r:  -510.000000 | e:   1.000000 | Q:        nan | won: False 
#  311 | steps:  3499 | steps_t:     0 | t: 2.718538 | r:  -508.000000 | e:   1.000000 | Q:        nan | won: False 
#  312 | steps:  3508 | steps_t:     0 | t: 2.724171 | r:  -508.000000 | e:   1.000000 | Q:        nan | won: False 
#  313 | steps:  3518 | steps_t:     0 | t: 2.731242 | r:  -509.000000 | e:   1.000000 | Q:        nan | won: False 
#  314 | steps:  3530 | steps_t:     0 | t: 2.740872 | r:  -511.000000 | e:   1.000000 | Q:        nan | won: False 
#  315 | steps:  3542 | steps_t:     0 | t: 2.748606 | r:  -511.000000 | e:   1.000000 | Q:        nan | won: False 
#  316 | steps:  3563 | steps_t:     0 | t: 2.765368 | r:  -520.000000 | e:   1.000000 | Q:        nan | won: False 
#  317 | steps:  3575 | steps_t:     0 | t: 2.775089 | r:  -511.000000 | e:   1.000000 | Q:        nan | won: False 
#  318 | steps:  3585 | steps_t:     0 | t: 2.781939 | r:  -509.000000 | e:   1.000000 | Q:        nan | won: False 
#  319 | steps:  3594 | steps_t:     0 | t: 2.787664 | r:  -508.000000 | e:   1.000000 | Q:        nan | won: False 
#  320 | steps:  3606 | steps_t:     0 | t: 2.795800 | r:  -511.000000 | e:   1.000000 | Q:        nan | won: False 
#  321 | steps:  3623 | steps_t:     0 | t: 2.809563 | r:  -516.000000 | e:   1.000000 | Q:        nan | won: False 
#  322 | steps:  3630 | steps_t:     0 | t: 2.814228 | r:  -506.000000 | e:   1.000000 | Q:        nan | won: False 
#  323 | steps:  3640 | steps_t:     0 | t: 2.822871 | r:  -509.000000 | e:   1.000000 | Q:        nan | won: False 
#  324 | steps:  3647 | steps_t:     0 | t: 2.827509 | r:  -506.000000 | e:   1.000000 | Q:        nan | won: False 
#  325 | steps:  3660 | steps_t:     0 | t: 2.837582 | r:  -512.000000 | e:   1.000000 | Q:        nan | won: False 
#  326 | steps:  3670 | steps_t:     0 | t: 2.844287 | r:  -509.000000 | e:   1.000000 | Q:        nan | won: False 
#  327 | steps:  3680 | steps_t:     0 | t: 2.850719 | r:  -509.000000 | e:   1.000000 | Q:        nan | won: False 
#  328 | steps:  3699 | steps_t:     0 | t: 2.862786 | r:  -518.000000 | e:   1.000000 | Q:        nan | won: False 
#  329 | steps:  3707 | steps_t:     0 | t: 2.871182 | r:  -507.000000 | e:   1.000000 | Q:        nan | won: False 
#  330 | steps:  3715 | steps_t:     0 | t: 2.877501 | r:  -507.000000 | e:   1.000000 | Q:        nan | won: False 
#  331 | steps:  3726 | steps_t:     0 | t: 2.884809 | r:  -510.000000 | e:   1.000000 | Q:        nan | won: False 
#  332 | steps:  3736 | steps_t:     0 | t: 2.892306 | r:  -509.000000 | e:   1.000000 | Q:        nan | won: False 
#  333 | steps:  3744 | steps_t:     0 | t: 2.898222 | r:  -507.000000 | e:   1.000000 | Q:        nan | won: False 
#  334 | steps:  3764 | steps_t:     0 | t: 2.912277 | r:  -519.000000 | e:   1.000000 | Q:        nan | won: False 
#  335 | steps:  3774 | steps_t:     0 | t: 2.918687 | r:  -509.000000 | e:   1.000000 | Q:        nan | won: False 
#  336 | steps:  3782 | steps_t:     0 | t: 2.923469 | r:  -507.000000 | e:   1.000000 | Q:        nan | won: False 
#  337 | steps:  3792 | steps_t:     0 | t: 2.930831 | r:  -509.000000 | e:   1.000000 | Q:        nan | won: False 
#  338 | steps:  3803 | steps_t:     0 | t: 2.939727 | r:  -510.000000 | e:   1.000000 | Q:        nan | won: False 
#  339 | steps:  3812 | steps_t:     0 | t: 2.945456 | r:  -508.000000 | e:   1.000000 | Q:        nan | won: False 
#  340 | steps:  3824 | steps_t:     0 | t: 2.953815 | r:  -511.000000 | e:   1.000000 | Q:        nan | won: False 
#  341 | steps:  3835 | steps_t:     0 | t: 2.961920 | r:  -510.000000 | e:   1.000000 | Q:        nan | won: False 
#  342 | steps:  3844 | steps_t:     0 | t: 2.968112 | r:  -508.000000 | e:   1.000000 | Q:        nan | won: False 
#  343 | steps:  3851 | steps_t:     0 | t: 2.973520 | r:  -506.000000 | e:   1.000000 | Q:        nan | won: False 
#  344 | steps:  3857 | steps_t:     0 | t: 2.977742 | r:  -505.000000 | e:   1.000000 | Q:        nan | won: False 
#  345 | steps:  3866 | steps_t:     0 | t: 2.983563 | r:  -508.000000 | e:   1.000000 | Q:        nan | won: False 
#  346 | steps:  3881 | steps_t:     0 | t: 2.992905 | r:  -503.000000 | e:   1.000000 | Q:        nan | won: False 
#  347 | steps:  3889 | steps_t:     0 | t: 2.999328 | r:  -507.000000 | e:   1.000000 | Q:        nan | won: False 
#  348 | steps:  3901 | steps_t:     0 | t: 3.007803 | r:  -511.000000 | e:   1.000000 | Q:        nan | won: False 
#  349 | steps:  3911 | steps_t:     0 | t: 3.014106 | r:  -509.000000 | e:   1.000000 | Q:        nan | won: False 
#  350 | steps:  3919 | steps_t:     0 | t: 3.019672 | r:  -507.000000 | e:   1.000000 | Q:        nan | won: False 
#  351 | steps:  3926 | steps_t:     0 | t: 3.024914 | r:  -506.000000 | e:   1.000000 | Q:        nan | won: False 
#  352 | steps:  3937 | steps_t:     0 | t: 3.033273 | r:  -510.000000 | e:   1.000000 | Q:        nan | won: False 
#  353 | steps:  3957 | steps_t:     0 | t: 3.050280 | r:  -519.000000 | e:   1.000000 | Q:        nan | won: False 
#  354 | steps:  3967 | steps_t:     0 | t: 3.056589 | r:  -509.000000 | e:   1.000000 | Q:        nan | won: False 
#  355 | steps:  3976 | steps_t:     0 | t: 3.063819 | r:  -508.000000 | e:   1.000000 | Q:        nan | won: False 
#  356 | steps:  3984 | steps_t:     0 | t: 3.071250 | r:  -507.000000 | e:   1.000000 | Q:        nan | won: False 
#  357 | steps:  3992 | steps_t:     0 | t: 3.076702 | r:  -507.000000 | e:   1.000000 | Q:        nan | won: False 
#  358 | steps:  4001 | steps_t:     0 | t: 3.082486 | r:  -508.000000 | e:   1.000000 | Q:        nan | won: False 
#  359 | steps:  4044 | steps_t:     0 | t: 3.119243 | r:  -531.000000 | e:   1.000000 | Q:        nan | won: False 
#  360 | steps:  4054 | steps_t:     0 | t: 3.125628 | r:  -509.000000 | e:   1.000000 | Q:        nan | won: False 
#  361 | steps:  4071 | steps_t:     0 | t: 3.139173 | r:  -516.000000 | e:   1.000000 | Q:        nan | won: False 
#  362 | steps:  4081 | steps_t:     0 | t: 3.145821 | r:  -509.000000 | e:   1.000000 | Q:        nan | won: False 
#  363 | steps:  4097 | steps_t:     0 | t: 3.157155 | r:  -515.000000 | e:   1.000000 | Q:        nan | won: False 
#  364 | steps:  4111 | steps_t:     0 | t: 3.167252 | r:  -513.000000 | e:   1.000000 | Q:        nan | won: False 
#  365 | steps:  4123 | steps_t:     0 | t: 3.179562 | r:  -511.000000 | e:   1.000000 | Q:        nan | won: False 
#  366 | steps:  4150 | steps_t:     0 | t: 3.197997 | r:  -504.000000 | e:   1.000000 | Q:        nan | won: False 
#  367 | steps:  4159 | steps_t:     0 | t: 3.205468 | r:  -508.000000 | e:   1.000000 | Q:        nan | won: False 
#  368 | steps:  4167 | steps_t:     0 | t: 3.210988 | r:  -507.000000 | e:   1.000000 | Q:        nan | won: False 
#  369 | steps:  4188 | steps_t:     0 | t: 3.225660 | r:  -520.000000 | e:   1.000000 | Q:        nan | won: False 
#  370 | steps:  4196 | steps_t:     0 | t: 3.233276 | r:  -507.000000 | e:   1.000000 | Q:        nan | won: False 
#  371 | steps:  4204 | steps_t:     0 | t: 3.238601 | r:  -507.000000 | e:   1.000000 | Q:        nan | won: False 
#  372 | steps:  4212 | steps_t:     0 | t: 3.243814 | r:  -507.000000 | e:   1.000000 | Q:        nan | won: False 
#  373 | steps:  4230 | steps_t:     0 | t: 3.256818 | r:  -517.000000 | e:   1.000000 | Q:        nan | won: False 
#  374 | steps:  4240 | steps_t:     0 | t: 3.263599 | r:  -509.000000 | e:   1.000000 | Q:        nan | won: False 
#  375 | steps:  4247 | steps_t:     0 | t: 3.269041 | r:  -506.000000 | e:   1.000000 | Q:        nan | won: False 
#  376 | steps:  4260 | steps_t:     0 | t: 3.277741 | r:  -512.000000 | e:   1.000000 | Q:        nan | won: False 
#  377 | steps:  4267 | steps_t:     0 | t: 3.282232 | r:  -506.000000 | e:   1.000000 | Q:        nan | won: False 
#  378 | steps:  4277 | steps_t:     0 | t: 3.288993 | r:  -509.000000 | e:   1.000000 | Q:        nan | won: False 
#  379 | steps:  4283 | steps_t:     0 | t: 3.293754 | r:  -505.000000 | e:   1.000000 | Q:        nan | won: False 
#  380 | steps:  4291 | steps_t:     0 | t: 3.300117 | r:  -507.000000 | e:   1.000000 | Q:        nan | won: False 
#  381 | steps:  4301 | steps_t:     0 | t: 3.306791 | r:  -509.000000 | e:   1.000000 | Q:        nan | won: False 
#  382 | steps:  4324 | steps_t:     0 | t: 3.322541 | r:  -522.000000 | e:   1.000000 | Q:        nan | won: False 
#  383 | steps:  4343 | steps_t:     0 | t: 3.337815 | r:  -518.000000 | e:   1.000000 | Q:        nan | won: False 
#  384 | steps:  4351 | steps_t:     0 | t: 3.343158 | r:  -507.000000 | e:   1.000000 | Q:        nan | won: False 
#  385 | steps:  4360 | steps_t:     0 | t: 3.349319 | r:  -508.000000 | e:   1.000000 | Q:        nan | won: False 
#  386 | steps:  4371 | steps_t:     0 | t: 3.358014 | r:  -510.000000 | e:   1.000000 | Q:        nan | won: False 
#  387 | steps:  4380 | steps_t:     0 | t: 3.365553 | r:  -508.000000 | e:   1.000000 | Q:        nan | won: False 
#  388 | steps:  4391 | steps_t:     0 | t: 3.373512 | r:  -510.000000 | e:   1.000000 | Q:        nan | won: False 
#  389 | steps:  4399 | steps_t:     0 | t: 3.380706 | r:  -507.000000 | e:   1.000000 | Q:        nan | won: False 
#  390 | steps:  4408 | steps_t:     0 | t: 3.386756 | r:  -508.000000 | e:   1.000000 | Q:        nan | won: False 
#  391 | steps:  4419 | steps_t:     0 | t: 3.396320 | r:  -510.000000 | e:   1.000000 | Q:        nan | won: False 
#  392 | steps:  4431 | steps_t:     0 | t: 3.405151 | r:  -511.000000 | e:   1.000000 | Q:        nan | won: False 
#  393 | steps:  4439 | steps_t:     0 | t: 3.410313 | r:  -507.000000 | e:   1.000000 | Q:        nan | won: False 
#  394 | steps:  4448 | steps_t:     0 | t: 3.416188 | r:  -508.000000 | e:   1.000000 | Q:        nan | won: False 
#  395 | steps:  4461 | steps_t:     0 | t: 3.426970 | r:  -512.000000 | e:   1.000000 | Q:        nan | won: False 
#  396 | steps:  4483 | steps_t:     0 | t: 3.444002 | r:  -521.000000 | e:   1.000000 | Q:        nan | won: False 
#  397 | steps:  4495 | steps_t:     0 | t: 3.451923 | r:  -511.000000 | e:   1.000000 | Q:        nan | won: False 
#  398 | steps:  4507 | steps_t:     0 | t: 3.459485 | r:  -511.000000 | e:   1.000000 | Q:        nan | won: False 
#  399 | steps:  4514 | steps_t:     0 | t: 3.464682 | r:  -506.000000 | e:   1.000000 | Q:        nan | won: False 
#  400 | steps:  4523 | steps_t:     0 | t: 3.471477 | r:  -508.000000 | e:   1.000000 | Q:        nan | won: False 
#  401 | steps:  4530 | steps_t:     0 | t: 3.476231 | r:  -506.000000 | e:   1.000000 | Q:        nan | won: False 
#  402 | steps:  4542 | steps_t:     0 | t: 3.484193 | r:  -511.000000 | e:   1.000000 | Q:        nan | won: False 
#  403 | steps:  4562 | steps_t:     0 | t: 3.497914 | r:  -519.000000 | e:   1.000000 | Q:        nan | won: False 
#  404 | steps:  4570 | steps_t:     0 | t: 3.503923 | r:  -507.000000 | e:   1.000000 | Q:        nan | won: False 
#  405 | steps:  4577 | steps_t:     0 | t: 3.508625 | r:  -506.000000 | e:   1.000000 | Q:        nan | won: False 
#  406 | steps:  4585 | steps_t:     0 | t: 3.514246 | r:  -507.000000 | e:   1.000000 | Q:        nan | won: False 
#  407 | steps:  4607 | steps_t:     0 | t: 3.529557 | r:  -521.000000 | e:   1.000000 | Q:        nan | won: False 
#  408 | steps:  4624 | steps_t:     0 | t: 3.541779 | r:  -516.000000 | e:   1.000000 | Q:        nan | won: False 
#  409 | steps:  4633 | steps_t:     0 | t: 3.547471 | r:  -508.000000 | e:   1.000000 | Q:        nan | won: False 
#  410 | steps:  4641 | steps_t:     0 | t: 3.554031 | r:  -507.000000 | e:   1.000000 | Q:        nan | won: False 
#  411 | steps:  4660 | steps_t:     0 | t: 3.572053 | r:  -518.000000 | e:   1.000000 | Q:        nan | won: False 
#  412 | steps:  4668 | steps_t:     0 | t: 3.577965 | r:  -507.000000 | e:   1.000000 | Q:        nan | won: False 
#  413 | steps:  4676 | steps_t:     0 | t: 3.584072 | r:  -507.000000 | e:   1.000000 | Q:        nan | won: False 
#  414 | steps:  4692 | steps_t:     0 | t: 3.596230 | r:  -515.000000 | e:   1.000000 | Q:        nan | won: False 
#  415 | steps:  4714 | steps_t:     0 | t: 3.612092 | r:  -521.000000 | e:   1.000000 | Q:        nan | won: False 
#  416 | steps:  4726 | steps_t:     0 | t: 3.620867 | r:  -511.000000 | e:   1.000000 | Q:        nan | won: False 
#  417 | steps:  4734 | steps_t:     0 | t: 3.626559 | r:  -507.000000 | e:   1.000000 | Q:        nan | won: False 
#  418 | steps:  4751 | steps_t:     0 | t: 3.639925 | r:  -516.000000 | e:   1.000000 | Q:        nan | won: False 
#  419 | steps:  4770 | steps_t:     0 | t: 3.652672 | r:  -518.000000 | e:   1.000000 | Q:        nan | won: False 
#  420 | steps:  4780 | steps_t:     0 | t: 3.658925 | r:  -509.000000 | e:   1.000000 | Q:        nan | won: False 
#  421 | steps:  4787 | steps_t:     0 | t: 3.664319 | r:  -506.000000 | e:   1.000000 | Q:        nan | won: False 
#  422 | steps:  4806 | steps_t:     0 | t: 3.679735 | r:  -518.000000 | e:   1.000000 | Q:        nan | won: False 
#  423 | steps:  4818 | steps_t:     0 | t: 3.688199 | r:  -511.000000 | e:   1.000000 | Q:        nan | won: False 
#  424 | steps:  4835 | steps_t:     0 | t: 3.702332 | r:  -516.000000 | e:   1.000000 | Q:        nan | won: False 
#  425 | steps:  4851 | steps_t:     0 | t: 3.713775 | r:  -515.000000 | e:   1.000000 | Q:        nan | won: False 
#  426 | steps:  4862 | steps_t:     0 | t: 3.722543 | r:  -510.000000 | e:   1.000000 | Q:        nan | won: False 
#  427 | steps:  4870 | steps_t:     0 | t: 3.728165 | r:  -507.000000 | e:   1.000000 | Q:        nan | won: False 
#  428 | steps:  4879 | steps_t:     0 | t: 3.736097 | r:  -508.000000 | e:   1.000000 | Q:        nan | won: False 
#  429 | steps:  4890 | steps_t:     0 | t: 3.743652 | r:  -510.000000 | e:   1.000000 | Q:        nan | won: False 
#  430 | steps:  4901 | steps_t:     0 | t: 3.751031 | r:  -510.000000 | e:   1.000000 | Q:        nan | won: False 
#  431 | steps:  4910 | steps_t:     0 | t: 3.756855 | r:  -508.000000 | e:   1.000000 | Q:        nan | won: False 
#  432 | steps:  4931 | steps_t:     0 | t: 3.776038 | r:  -520.000000 | e:   1.000000 | Q:        nan | won: False 
#  433 | steps:  4937 | steps_t:     0 | t: 3.780347 | r:  -505.000000 | e:   1.000000 | Q:        nan | won: False 
#  434 | steps:  4947 | steps_t:     0 | t: 3.787519 | r:  -509.000000 | e:   1.000000 | Q:        nan | won: False 
#  435 | steps:  4961 | steps_t:     0 | t: 3.797446 | r:  -513.000000 | e:   1.000000 | Q:        nan | won: False 
#  436 | steps:  4975 | steps_t:     0 | t: 3.807177 | r:  -513.000000 | e:   1.000000 | Q:        nan | won: False 
#  437 | steps:  4987 | steps_t:     0 | t: 3.814612 | r:  -511.000000 | e:   1.000000 | Q:        nan | won: False 
#  438 | steps:  5003 | steps_t:     2 | t: 3.931621 | r:  -504.000000 | e:   0.999800 | Q:        nan | won: False 
#  439 | steps:  5014 | steps_t:    12 | t: 4.058017 | r:  -510.000000 | e:   0.998800 | Q:        nan | won: False 
#  440 | steps:  5021 | steps_t:    18 | t: 4.135468 | r:  -506.000000 | e:   0.998200 | Q:        nan | won: False 
#  441 | steps:  5033 | steps_t:    29 | t: 4.273744 | r:  -511.000000 | e:   0.997100 | Q:        nan | won: False 
#  442 | steps:  5039 | steps_t:    34 | t: 4.332873 | r:  -505.000000 | e:   0.996600 | Q:        nan | won: False 
#  443 | steps:  5048 | steps_t:    42 | t: 4.433640 | r:  -508.000000 | e:   0.995800 | Q:        nan | won: False 
#  444 | steps:  5062 | steps_t:    55 | t: 4.587982 | r:  -513.000000 | e:   0.994500 | Q:        nan | won: False 
#  445 | steps:  5074 | steps_t:    66 | t: 4.722161 | r:  -511.000000 | e:   0.993400 | Q:        nan | won: False 
#  446 | steps:  5083 | steps_t:    74 | t: 4.824915 | r:  -508.000000 | e:   0.992600 | Q:        nan | won: False 
#  447 | steps:  5092 | steps_t:    82 | t: 4.919168 | r:  -508.000000 | e:   0.991800 | Q:        nan | won: False 
#  448 | steps:  5104 | steps_t:    93 | t: 5.044068 | r:  -511.000000 | e:   0.990700 | Q:        nan | won: False 
#  449 | steps:  5113 | steps_t:   101 | t: 5.141175 | r:  -508.000000 | e:   0.989900 | Q:        nan | won: False 
#  450 | steps:  5120 | steps_t:   107 | t: 5.214481 | r:  -506.000000 | e:   0.989300 | Q:        nan | won: False 
#  451 | steps:  5126 | steps_t:   112 | t: 5.276823 | r:  -505.000000 | e:   0.988800 | Q:        nan | won: False 
#  452 | steps:  5147 | steps_t:   132 | t: 5.499990 | r:  -520.000000 | e:   0.986800 | Q: -155.810806 | won: False 
#  453 | steps:  5156 | steps_t:   140 | t: 5.595712 | r:  -508.000000 | e:   0.986000 | Q:        nan | won: False 
#  454 | steps:  5165 | steps_t:   148 | t: 5.689586 | r:  -508.000000 | e:   0.985200 | Q:        nan | won: False 
#  455 | steps:  5173 | steps_t:   155 | t: 5.768066 | r:  -507.000000 | e:   0.984500 | Q:        nan | won: False 
#  456 | steps:  5181 | steps_t:   162 | t: 5.855541 | r:  -507.000000 | e:   0.983800 | Q:        nan | won: False 
#  457 | steps:  5188 | steps_t:   168 | t: 5.941080 | r:  -506.000000 | e:   0.983200 | Q: -246.774536 | won: False 
#  458 | steps:  5196 | steps_t:   175 | t: 6.037218 | r:  -507.000000 | e:   0.982500 | Q:        nan | won: False 
#  459 | steps:  5205 | steps_t:   183 | t: 6.133266 | r:  -508.000000 | e:   0.981700 | Q:        nan | won: False 
#  460 | steps:  5212 | steps_t:   189 | t: 6.223217 | r:  -506.000000 | e:   0.981100 | Q:        nan | won: False 
#  461 | steps:  5220 | steps_t:   196 | t: 6.321836 | r:  -507.000000 | e:   0.980400 | Q:        nan | won: False 
#  462 | steps:  5226 | steps_t:   201 | t: 6.387198 | r:  -505.000000 | e:   0.979900 | Q:        nan | won: False 
#  463 | steps:  5240 | steps_t:   214 | t: 6.539697 | r:  -513.000000 | e:   0.978600 | Q:        nan | won: False 
#  464 | steps:  5260 | steps_t:   233 | t: 6.783335 | r:  -519.000000 | e:   0.976700 | Q:        nan | won: False 
#  465 | steps:  5268 | steps_t:   240 | t: 6.877190 | r:  -507.000000 | e:   0.976000 | Q:        nan | won: False 
#  466 | steps:  5279 | steps_t:   250 | t: 7.014804 | r:  -510.000000 | e:   0.975000 | Q:        nan | won: False 
#  467 | steps:  5288 | steps_t:   258 | t: 7.115298 | r:  -508.000000 | e:   0.974200 | Q:        nan | won: False 
#  468 | steps:  5296 | steps_t:   265 | t: 7.212663 | r:  -507.000000 | e:   0.973500 | Q:        nan | won: False 
#  469 | steps:  5304 | steps_t:   272 | t: 7.296539 | r:  -507.000000 | e:   0.972800 | Q:        nan | won: False 
#  470 | steps:  5313 | steps_t:   280 | t: 7.395002 | r:  -508.000000 | e:   0.972000 | Q:        nan | won: False 
#  471 | steps:  5338 | steps_t:   304 | t: 7.669055 | r:  -524.000000 | e:   0.969600 | Q:        nan | won: False 
#  472 | steps:  5345 | steps_t:   310 | t: 7.739729 | r:  -506.000000 | e:   0.969000 | Q:        nan | won: False 
#  473 | steps:  5371 | steps_t:   335 | t: 8.028556 | r:  -525.000000 | e:   0.966500 | Q: -322.527649 | won: False 
#  474 | steps:  5381 | steps_t:   344 | t: 8.144959 | r:  -509.000000 | e:   0.965600 | Q: -285.473663 | won: False 
#  475 | steps:  5389 | steps_t:   351 | t: 8.271754 | r:  -507.000000 | e:   0.964900 | Q:        nan | won: False 
#  476 | steps:  5411 | steps_t:   372 | t: 8.580704 | r:  -521.000000 | e:   0.962800 | Q:        nan | won: False 
#  477 | steps:  5419 | steps_t:   379 | t: 8.689476 | r:  -507.000000 | e:   0.962100 | Q:        nan | won: False 
#  478 | steps:  5426 | steps_t:   385 | t: 8.775340 | r:  -506.000000 | e:   0.961500 | Q:        nan | won: False 
#  479 | steps:  5435 | steps_t:   393 | t: 8.887983 | r:  -508.000000 | e:   0.960700 | Q:        nan | won: False 
#  480 | steps:  5445 | steps_t:   402 | t: 9.011339 | r:  -509.000000 | e:   0.959800 | Q: -291.627258 | won: False 
#  481 | steps:  5457 | steps_t:   413 | t: 9.153398 | r:  -511.000000 | e:   0.958700 | Q: -309.792389 | won: False 
#  482 | steps:  5465 | steps_t:   420 | t: 9.246393 | r:  -507.000000 | e:   0.958000 | Q: -305.071899 | won: False 
#  483 | steps:  5471 | steps_t:   425 | t: 9.303981 | r:  -505.000000 | e:   0.957500 | Q:        nan | won: False 
#  484 | steps:  5480 | steps_t:   433 | t: 9.401197 | r:  -508.000000 | e:   0.956700 | Q: -305.955017 | won: False 
#  485 | steps:  5490 | steps_t:   442 | t: 9.511467 | r:  -509.000000 | e:   0.955800 | Q:        nan | won: False 
#  486 | steps:  5512 | steps_t:   463 | t: 9.754814 | r:  -521.000000 | e:   0.953700 | Q:        nan | won: False 
#  487 | steps:  5520 | steps_t:   470 | t: 9.839022 | r:  -507.000000 | e:   0.953000 | Q:        nan | won: False 
#  488 | steps:  5539 | steps_t:   488 | t: 10.045156 | r:  -518.000000 | e:   0.951200 | Q: -321.712494 | won: False 
#  489 | steps:  5549 | steps_t:   497 | t: 10.153272 | r:  -509.000000 | e:   0.950300 | Q:        nan | won: False 
#  490 | steps:  5557 | steps_t:   504 | t: 10.238781 | r:  -507.000000 | e:   0.949600 | Q:        nan | won: False 
#  491 | steps:  5565 | steps_t:   511 | t: 10.321054 | r:  -507.000000 | e:   0.948900 | Q:        nan | won: False 
#  492 | steps:  5582 | steps_t:   527 | t: 10.506295 | r:  -516.000000 | e:   0.947300 | Q:        nan | won: False 
#  493 | steps:  5590 | steps_t:   534 | t: 10.595025 | r:  -507.000000 | e:   0.946600 | Q:        nan | won: False 
#  494 | steps:  5608 | steps_t:   551 | t: 10.787906 | r:  -517.000000 | e:   0.944900 | Q:        nan | won: False 
#  495 | steps:  5624 | steps_t:   566 | t: 10.964023 | r:  -515.000000 | e:   0.943400 | Q: -295.992737 | won: False 
#  496 | steps:  5632 | steps_t:   573 | t: 11.053015 | r:  -507.000000 | e:   0.942700 | Q:        nan | won: False 
#  497 | steps:  5643 | steps_t:   583 | t: 11.175529 | r:  -510.000000 | e:   0.941700 | Q: -300.634186 | won: False 
#  498 | steps:  5652 | steps_t:   591 | t: 11.278883 | r:  -508.000000 | e:   0.940900 | Q: -300.389191 | won: False 
#  499 | steps:  5662 | steps_t:   600 | t: 11.384205 | r:  -509.000000 | e:   0.940000 | Q:        nan | won: False 
#  500 | steps:  5669 | steps_t:   606 | t: 11.458571 | r:  -506.000000 | e:   0.939400 | Q:        nan | won: False 
#  501 | steps:  5679 | steps_t:   615 | t: 11.572069 | r:  -509.000000 | e:   0.938500 | Q: -346.574188 | won: False 
#  502 | steps:  5686 | steps_t:   621 | t: 11.656876 | r:  -506.000000 | e:   0.937900 | Q:        nan | won: False 
#  503 | steps:  5695 | steps_t:   629 | t: 11.750539 | r:  -508.000000 | e:   0.937100 | Q:        nan | won: False 
#  504 | steps:  5720 | steps_t:   653 | t: 12.022286 | r:  -524.000000 | e:   0.934700 | Q: -308.901550 | won: False 
#  505 | steps:  5743 | steps_t:   675 | t: 12.312700 | r:  -522.000000 | e:   0.932500 | Q: -260.962799 | won: False 
#  506 | steps:  5750 | steps_t:   681 | t: 12.424721 | r:  -506.000000 | e:   0.931900 | Q:        nan | won: False 
#  507 | steps:  5764 | steps_t:   694 | t: 12.656509 | r:  -513.000000 | e:   0.930600 | Q: -295.218719 | won: False 
#  508 | steps:  5772 | steps_t:   701 | t: 12.759445 | r:  -507.000000 | e:   0.929900 | Q: -291.066132 | won: False 
#  509 | steps:  5794 | steps_t:   722 | t: 13.023562 | r:  -521.000000 | e:   0.927800 | Q: -314.971130 | won: False 
#  510 | steps:  5803 | steps_t:   730 | t: 13.124331 | r:  -508.000000 | e:   0.927000 | Q:        nan | won: False 
#  511 | steps:  5810 | steps_t:   736 | t: 13.202438 | r:  -506.000000 | e:   0.926400 | Q: -309.166687 | won: False 
